Initial dataset: DatasetDict({
    train: Dataset({
        features: ['text', 'labels'],
        num_rows: 256
    })
    validation: Dataset({
        features: ['text', 'labels'],
        num_rows: 16
    })
    test: Dataset({
        features: ['text', 'labels'],
        num_rows: 3003
    })
})
Sample before tokenization: {'text': "On these pages you will find the wanted or missing notices that are issued at public prosecutor or examining magistrate's request.", 'labels': 'In diesem Rubrik finden Sie Fahndungsmeldungen, die auf Anfrage eines Staatsanwalts oder Untersuchungsrichter verbreitet werden.'}
{'loss': 13.0619, 'grad_norm': 46.866943359375, 'learning_rate': 2.5e-05, 'epoch': 1.0}
{'eval_loss': 13.502774238586426, 'eval_sacrebleu_score': 0.0, 'eval_sacrebleu_counts': [0, 0, 0, 0], 'eval_sacrebleu_totals': [0, 0, 0, 0], 'eval_sacrebleu_precisions': [0.0, 0.0, 0.0, 0.0], 'eval_sacrebleu_bp': 0.0, 'eval_sacrebleu_sys_len': 0, 'eval_sacrebleu_ref_len': 413, 'eval_rouge_rouge1': 0.0, 'eval_rouge_rouge2': 0.0, 'eval_rouge_rougeL': 0.0, 'eval_rouge_rougeLsum': 0.0, 'eval_meteor_meteor': 0.0, 'eval_runtime': 3.6276, 'eval_samples_per_second': 4.411, 'eval_steps_per_second': 0.276, 'epoch': 1.0}
{'loss': 13.1677, 'grad_norm': 47.27932357788086, 'learning_rate': 0.0, 'epoch': 2.0}
{'eval_loss': 13.272668838500977, 'eval_sacrebleu_score': 0.0, 'eval_sacrebleu_counts': [0, 0, 0, 0], 'eval_sacrebleu_totals': [0, 0, 0, 0], 'eval_sacrebleu_precisions': [0.0, 0.0, 0.0, 0.0], 'eval_sacrebleu_bp': 0.0, 'eval_sacrebleu_sys_len': 0, 'eval_sacrebleu_ref_len': 413, 'eval_rouge_rouge1': 0.0, 'eval_rouge_rouge2': 0.0, 'eval_rouge_rougeL': 0.0, 'eval_rouge_rougeLsum': 0.0, 'eval_meteor_meteor': 0.0, 'eval_runtime': 3.4421, 'eval_samples_per_second': 4.648, 'eval_steps_per_second': 0.291, 'epoch': 2.0}
{'train_runtime': 46.9264, 'train_samples_per_second': 10.911, 'train_steps_per_second': 0.043, 'train_loss': 13.114801406860352, 'epoch': 2.0}
[1;34mwandb[0m: 
[1;34mwandb[0m: 🚀 View run [33mt5-small-2025-02-23_18-44-50[0m at: [34mhttps://wandb.ai/liamthorne4/uncategorized/runs/z2xlc1cq[0m
[1;34mwandb[0m: Find logs at: [1;35mwandb/run-20250223_184511-z2xlc1cq/logs[0m
