Initial dataset: DatasetDict({
    train: Dataset({
        features: ['text', 'labels'],
        num_rows: 4508785
    })
    validation: Dataset({
        features: ['text', 'labels'],
        num_rows: 3000
    })
    test: Dataset({
        features: ['text', 'labels'],
        num_rows: 3003
    })
})
Sample before tokenization: {'text': 'Resumption of the session', 'labels': 'Wiederaufnahme der Sitzungsperiode'}
{'loss': 9.7622, 'grad_norm': 43.38770294189453, 'learning_rate': 4.9929027679205115e-05, 'epoch': 0.0}
{'loss': 5.216, 'grad_norm': 40.29744338989258, 'learning_rate': 4.985805535841022e-05, 'epoch': 0.0}
{'loss': 1.8556, 'grad_norm': 6.8984761238098145, 'learning_rate': 4.9787083037615334e-05, 'epoch': 0.0}
{'loss': 1.2499, 'grad_norm': 2.303063154220581, 'learning_rate': 4.971611071682044e-05, 'epoch': 0.01}
{'loss': 0.8817, 'grad_norm': 1.6334807872772217, 'learning_rate': 4.964513839602555e-05, 'epoch': 0.01}
{'loss': 0.7057, 'grad_norm': 0.8388924598693848, 'learning_rate': 4.957416607523066e-05, 'epoch': 0.01}
{'loss': 0.6306, 'grad_norm': 0.47457942366600037, 'learning_rate': 4.950319375443577e-05, 'epoch': 0.01}
{'loss': 0.5767, 'grad_norm': 0.3431130647659302, 'learning_rate': 4.9432221433640884e-05, 'epoch': 0.01}
{'loss': 0.5514, 'grad_norm': 0.3490862548351288, 'learning_rate': 4.936124911284599e-05, 'epoch': 0.01}
{'loss': 0.5624, 'grad_norm': 0.3704177439212799, 'learning_rate': 4.92902767920511e-05, 'epoch': 0.01}
{'loss': 0.5417, 'grad_norm': 0.2764911949634552, 'learning_rate': 4.921930447125621e-05, 'epoch': 0.02}
{'loss': 0.5247, 'grad_norm': 0.28266090154647827, 'learning_rate': 4.914833215046132e-05, 'epoch': 0.02}
{'loss': 0.5062, 'grad_norm': 0.23161324858665466, 'learning_rate': 4.907735982966643e-05, 'epoch': 0.02}
{'loss': 0.5312, 'grad_norm': 0.1678367704153061, 'learning_rate': 4.900638750887154e-05, 'epoch': 0.02}
{'loss': 0.4645, 'grad_norm': 0.16108308732509613, 'learning_rate': 4.893541518807665e-05, 'epoch': 0.02}
{'loss': 0.4978, 'grad_norm': 0.11843353509902954, 'learning_rate': 4.8864442867281765e-05, 'epoch': 0.02}
{'loss': 0.4963, 'grad_norm': 0.13238878548145294, 'learning_rate': 4.879347054648687e-05, 'epoch': 0.02}
{'loss': 0.468, 'grad_norm': 0.11991376429796219, 'learning_rate': 4.8722498225691984e-05, 'epoch': 0.03}
{'loss': 0.471, 'grad_norm': 0.09774240106344223, 'learning_rate': 4.86515259048971e-05, 'epoch': 0.03}
{'loss': 0.485, 'grad_norm': 0.12192447483539581, 'learning_rate': 4.85805535841022e-05, 'epoch': 0.03}
{'loss': 0.4974, 'grad_norm': 0.14052344858646393, 'learning_rate': 4.8509581263307315e-05, 'epoch': 0.03}
{'loss': 0.4935, 'grad_norm': 0.08375371247529984, 'learning_rate': 4.843860894251242e-05, 'epoch': 0.03}
{'loss': 0.4485, 'grad_norm': 0.08682707697153091, 'learning_rate': 4.8367636621717534e-05, 'epoch': 0.03}
{'loss': 0.4874, 'grad_norm': 0.09096743911504745, 'learning_rate': 4.829666430092265e-05, 'epoch': 0.03}
{'loss': 0.4701, 'grad_norm': 0.08933655172586441, 'learning_rate': 4.822569198012775e-05, 'epoch': 0.04}
{'loss': 0.5133, 'grad_norm': 0.07735729217529297, 'learning_rate': 4.8154719659332866e-05, 'epoch': 0.04}
{'loss': 0.4698, 'grad_norm': 0.10472682863473892, 'learning_rate': 4.808374733853797e-05, 'epoch': 0.04}
{'loss': 0.4761, 'grad_norm': 0.07157758623361588, 'learning_rate': 4.8012775017743084e-05, 'epoch': 0.04}
{'loss': 0.483, 'grad_norm': 0.06586761772632599, 'learning_rate': 4.794180269694819e-05, 'epoch': 0.04}
{'loss': 0.466, 'grad_norm': 0.09425655007362366, 'learning_rate': 4.78708303761533e-05, 'epoch': 0.04}
{'loss': 0.4449, 'grad_norm': 0.07135722041130066, 'learning_rate': 4.7799858055358416e-05, 'epoch': 0.04}
{'loss': 0.4945, 'grad_norm': 0.06921868026256561, 'learning_rate': 4.772888573456352e-05, 'epoch': 0.05}
{'loss': 0.4735, 'grad_norm': 0.06501214951276779, 'learning_rate': 4.7657913413768634e-05, 'epoch': 0.05}
{'loss': 0.501, 'grad_norm': 0.07476802915334702, 'learning_rate': 4.758694109297374e-05, 'epoch': 0.05}
{'loss': 0.464, 'grad_norm': 0.06343275308609009, 'learning_rate': 4.751596877217885e-05, 'epoch': 0.05}
{'loss': 0.4569, 'grad_norm': 0.07184486091136932, 'learning_rate': 4.744499645138396e-05, 'epoch': 0.05}
{'loss': 0.4731, 'grad_norm': 0.06698691844940186, 'learning_rate': 4.737402413058907e-05, 'epoch': 0.05}
{'loss': 0.4552, 'grad_norm': 0.0677340179681778, 'learning_rate': 4.730305180979418e-05, 'epoch': 0.05}
{'loss': 0.472, 'grad_norm': 0.047655731439590454, 'learning_rate': 4.723207948899929e-05, 'epoch': 0.06}
{'loss': 0.4799, 'grad_norm': 0.06907975673675537, 'learning_rate': 4.71611071682044e-05, 'epoch': 0.06}
{'loss': 0.4461, 'grad_norm': 0.06984345614910126, 'learning_rate': 4.709013484740951e-05, 'epoch': 0.06}
{'loss': 0.4735, 'grad_norm': 0.07247740775346756, 'learning_rate': 4.701916252661462e-05, 'epoch': 0.06}
{'loss': 0.4503, 'grad_norm': 0.05813121795654297, 'learning_rate': 4.694819020581973e-05, 'epoch': 0.06}
{'loss': 0.4621, 'grad_norm': 0.06613492220640182, 'learning_rate': 4.687721788502484e-05, 'epoch': 0.06}
{'loss': 0.4504, 'grad_norm': 0.06293009966611862, 'learning_rate': 4.680624556422995e-05, 'epoch': 0.06}
{'loss': 0.4629, 'grad_norm': 0.05258648842573166, 'learning_rate': 4.6735273243435066e-05, 'epoch': 0.07}
{'loss': 0.4769, 'grad_norm': 0.052821408957242966, 'learning_rate': 4.666430092264017e-05, 'epoch': 0.07}
{'loss': 0.4586, 'grad_norm': 0.05746937915682793, 'learning_rate': 4.6593328601845284e-05, 'epoch': 0.07}
{'loss': 0.4935, 'grad_norm': 0.06699831783771515, 'learning_rate': 4.65223562810504e-05, 'epoch': 0.07}
{'loss': 0.4506, 'grad_norm': 0.054002489894628525, 'learning_rate': 4.64513839602555e-05, 'epoch': 0.07}
{'loss': 0.4801, 'grad_norm': 0.06649302691221237, 'learning_rate': 4.6380411639460616e-05, 'epoch': 0.07}
{'loss': 0.4457, 'grad_norm': 0.05863603949546814, 'learning_rate': 4.630943931866572e-05, 'epoch': 0.07}
{'loss': 0.4722, 'grad_norm': 0.06293044239282608, 'learning_rate': 4.6238466997870835e-05, 'epoch': 0.08}
{'loss': 0.4596, 'grad_norm': 0.050539132207632065, 'learning_rate': 4.616749467707595e-05, 'epoch': 0.08}
{'loss': 0.4783, 'grad_norm': 0.054504506289958954, 'learning_rate': 4.609652235628105e-05, 'epoch': 0.08}
{'loss': 0.4857, 'grad_norm': 0.061567388474941254, 'learning_rate': 4.6025550035486166e-05, 'epoch': 0.08}
{'loss': 0.4729, 'grad_norm': 0.061974868178367615, 'learning_rate': 4.595457771469127e-05, 'epoch': 0.08}
{'loss': 0.4768, 'grad_norm': 0.0686846375465393, 'learning_rate': 4.5883605393896385e-05, 'epoch': 0.08}
{'loss': 0.45, 'grad_norm': 0.0480349063873291, 'learning_rate': 4.581263307310149e-05, 'epoch': 0.08}
{'loss': 0.4969, 'grad_norm': 0.07021640241146088, 'learning_rate': 4.57416607523066e-05, 'epoch': 0.09}
{'loss': 0.4336, 'grad_norm': 0.05842120945453644, 'learning_rate': 4.567068843151171e-05, 'epoch': 0.09}
{'loss': 0.452, 'grad_norm': 0.056500669568777084, 'learning_rate': 4.559971611071682e-05, 'epoch': 0.09}
{'loss': 0.4594, 'grad_norm': 0.06452959030866623, 'learning_rate': 4.5528743789921935e-05, 'epoch': 0.09}
{'loss': 0.4672, 'grad_norm': 0.06271910667419434, 'learning_rate': 4.545777146912704e-05, 'epoch': 0.09}
{'loss': 0.4619, 'grad_norm': 0.05440552532672882, 'learning_rate': 4.538679914833215e-05, 'epoch': 0.09}
{'loss': 0.4902, 'grad_norm': 0.05868987739086151, 'learning_rate': 4.531582682753726e-05, 'epoch': 0.09}
{'loss': 0.4541, 'grad_norm': 0.05656193196773529, 'learning_rate': 4.524485450674237e-05, 'epoch': 0.1}
{'loss': 0.4427, 'grad_norm': 0.057907216250896454, 'learning_rate': 4.517388218594748e-05, 'epoch': 0.1}
{'loss': 0.4607, 'grad_norm': 0.0791407898068428, 'learning_rate': 4.510290986515259e-05, 'epoch': 0.1}
{'loss': 0.4399, 'grad_norm': 0.06134605407714844, 'learning_rate': 4.5031937544357703e-05, 'epoch': 0.1}
{'eval_loss': 0.6150805950164795, 'eval_sacrebleu_score': 2.777766037535169, 'eval_sacrebleu_counts': [11526, 6044, 3554, 2171], 'eval_sacrebleu_totals': [19826, 19232, 18639, 18046], 'eval_sacrebleu_precisions': [58.13578129728639, 31.426788685524127, 19.06754654219647, 12.030366840297019], 'eval_sacrebleu_bp': 0.1091732810494571, 'eval_sacrebleu_sys_len': 19826, 'eval_sacrebleu_ref_len': 63737, 'eval_rouge_rouge1': 0.10664962218949739, 'eval_rouge_rouge2': 0.058377260167019066, 'eval_rouge_rougeL': 0.09642164419660224, 'eval_rouge_rougeLsum': 0.09606607450931592, 'eval_meteor_meteor': 0.10184519620780576, 'eval_runtime': 137.0834, 'eval_samples_per_second': 21.884, 'eval_steps_per_second': 1.371, 'epoch': 0.1}
{'loss': 0.463, 'grad_norm': 0.070160873234272, 'learning_rate': 4.496096522356281e-05, 'epoch': 0.1}
{'loss': 0.4527, 'grad_norm': 0.05702079460024834, 'learning_rate': 4.488999290276792e-05, 'epoch': 0.1}
{'loss': 0.471, 'grad_norm': 0.06124323233962059, 'learning_rate': 4.481902058197303e-05, 'epoch': 0.1}
{'loss': 0.4623, 'grad_norm': 0.07159629464149475, 'learning_rate': 4.474804826117814e-05, 'epoch': 0.11}
{'loss': 0.4764, 'grad_norm': 0.06369869410991669, 'learning_rate': 4.4677075940383254e-05, 'epoch': 0.11}
{'loss': 0.4808, 'grad_norm': 0.04999244213104248, 'learning_rate': 4.4606103619588366e-05, 'epoch': 0.11}
{'loss': 0.4971, 'grad_norm': 0.06923997402191162, 'learning_rate': 4.453513129879347e-05, 'epoch': 0.11}
{'loss': 0.4185, 'grad_norm': 0.04967270791530609, 'learning_rate': 4.4464158977998585e-05, 'epoch': 0.11}
{'loss': 0.4709, 'grad_norm': 0.06408145278692245, 'learning_rate': 4.43931866572037e-05, 'epoch': 0.11}
{'loss': 0.4437, 'grad_norm': 0.0575886107981205, 'learning_rate': 4.4322214336408804e-05, 'epoch': 0.11}
{'loss': 0.4601, 'grad_norm': 0.04825373739004135, 'learning_rate': 4.4251242015613916e-05, 'epoch': 0.11}
{'loss': 0.4501, 'grad_norm': 0.0609951987862587, 'learning_rate': 4.418026969481902e-05, 'epoch': 0.12}
{'loss': 0.482, 'grad_norm': 0.062438469380140305, 'learning_rate': 4.4109297374024135e-05, 'epoch': 0.12}
{'loss': 0.422, 'grad_norm': 0.09706996381282806, 'learning_rate': 4.403832505322924e-05, 'epoch': 0.12}
{'loss': 0.4751, 'grad_norm': 0.05522880330681801, 'learning_rate': 4.3967352732434354e-05, 'epoch': 0.12}
{'loss': 0.4677, 'grad_norm': 0.05780629813671112, 'learning_rate': 4.3896380411639466e-05, 'epoch': 0.12}
{'loss': 0.4426, 'grad_norm': 0.05727003514766693, 'learning_rate': 4.382540809084457e-05, 'epoch': 0.12}
{'loss': 0.4623, 'grad_norm': 0.05697622150182724, 'learning_rate': 4.3754435770049685e-05, 'epoch': 0.12}
{'loss': 0.4437, 'grad_norm': 0.05062778294086456, 'learning_rate': 4.368346344925479e-05, 'epoch': 0.13}
{'loss': 0.4577, 'grad_norm': 0.054994627833366394, 'learning_rate': 4.3612491128459904e-05, 'epoch': 0.13}
{'loss': 0.4789, 'grad_norm': 0.06515811383724213, 'learning_rate': 4.354151880766501e-05, 'epoch': 0.13}
{'loss': 0.4747, 'grad_norm': 0.06221090629696846, 'learning_rate': 4.347054648687012e-05, 'epoch': 0.13}
{'loss': 0.4965, 'grad_norm': 0.057060085237026215, 'learning_rate': 4.3399574166075235e-05, 'epoch': 0.13}
{'loss': 0.4791, 'grad_norm': 0.056937627494335175, 'learning_rate': 4.332860184528034e-05, 'epoch': 0.13}
{'loss': 0.4719, 'grad_norm': 0.13132838904857635, 'learning_rate': 4.3257629524485454e-05, 'epoch': 0.13}
{'loss': 0.4487, 'grad_norm': 0.05533755570650101, 'learning_rate': 4.318665720369056e-05, 'epoch': 0.14}
{'loss': 0.4599, 'grad_norm': 0.05853640288114548, 'learning_rate': 4.311568488289567e-05, 'epoch': 0.14}
{'loss': 0.4264, 'grad_norm': 0.054201580584049225, 'learning_rate': 4.304471256210078e-05, 'epoch': 0.14}
{'loss': 0.474, 'grad_norm': 0.05803220719099045, 'learning_rate': 4.297374024130589e-05, 'epoch': 0.14}
{'loss': 0.4601, 'grad_norm': 0.05910562723875046, 'learning_rate': 4.2902767920511e-05, 'epoch': 0.14}
{'loss': 0.4585, 'grad_norm': 0.051061734557151794, 'learning_rate': 4.283179559971611e-05, 'epoch': 0.14}
{'loss': 0.4511, 'grad_norm': 0.04708525165915489, 'learning_rate': 4.276082327892122e-05, 'epoch': 0.14}
{'loss': 0.4296, 'grad_norm': 0.05118091404438019, 'learning_rate': 4.268985095812633e-05, 'epoch': 0.15}
{'loss': 0.4862, 'grad_norm': 0.05350630730390549, 'learning_rate': 4.261887863733144e-05, 'epoch': 0.15}
{'loss': 0.4663, 'grad_norm': 0.06712909787893295, 'learning_rate': 4.2547906316536554e-05, 'epoch': 0.15}
{'loss': 0.43, 'grad_norm': 0.062412235885858536, 'learning_rate': 4.247693399574167e-05, 'epoch': 0.15}
{'loss': 0.4423, 'grad_norm': 0.06252606958150864, 'learning_rate': 4.240596167494677e-05, 'epoch': 0.15}
{'loss': 0.4536, 'grad_norm': 0.05506547912955284, 'learning_rate': 4.2334989354151885e-05, 'epoch': 0.15}
{'loss': 0.4582, 'grad_norm': 0.0628884881734848, 'learning_rate': 4.2264017033357e-05, 'epoch': 0.15}
{'loss': 0.4554, 'grad_norm': 0.06173475831747055, 'learning_rate': 4.2193044712562104e-05, 'epoch': 0.16}
{'loss': 0.4642, 'grad_norm': 0.05764145031571388, 'learning_rate': 4.212207239176722e-05, 'epoch': 0.16}
{'loss': 0.46, 'grad_norm': 0.06058107689023018, 'learning_rate': 4.205110007097232e-05, 'epoch': 0.16}
{'loss': 0.4743, 'grad_norm': 0.05915364995598793, 'learning_rate': 4.1980127750177435e-05, 'epoch': 0.16}
{'loss': 0.4552, 'grad_norm': 0.05737965553998947, 'learning_rate': 4.190915542938254e-05, 'epoch': 0.16}
{'loss': 0.4778, 'grad_norm': 0.06604397296905518, 'learning_rate': 4.1838183108587654e-05, 'epoch': 0.16}
{'loss': 0.4529, 'grad_norm': 0.06554911285638809, 'learning_rate': 4.176721078779277e-05, 'epoch': 0.16}
{'loss': 0.4591, 'grad_norm': 0.05653011053800583, 'learning_rate': 4.169623846699787e-05, 'epoch': 0.17}
{'loss': 0.4409, 'grad_norm': 0.04330376163125038, 'learning_rate': 4.1625266146202986e-05, 'epoch': 0.17}
{'loss': 0.4444, 'grad_norm': 0.04658200591802597, 'learning_rate': 4.155429382540809e-05, 'epoch': 0.17}
{'loss': 0.4397, 'grad_norm': 0.0638546347618103, 'learning_rate': 4.1483321504613204e-05, 'epoch': 0.17}
{'loss': 0.4777, 'grad_norm': 0.052621304988861084, 'learning_rate': 4.141234918381831e-05, 'epoch': 0.17}
{'loss': 0.4638, 'grad_norm': 0.057428836822509766, 'learning_rate': 4.134137686302342e-05, 'epoch': 0.17}
{'loss': 0.464, 'grad_norm': 0.0664304867386818, 'learning_rate': 4.127040454222853e-05, 'epoch': 0.17}
{'loss': 0.4612, 'grad_norm': 0.05432960391044617, 'learning_rate': 4.119943222143364e-05, 'epoch': 0.18}
{'loss': 0.4491, 'grad_norm': 0.057103145867586136, 'learning_rate': 4.1128459900638754e-05, 'epoch': 0.18}
{'loss': 0.4636, 'grad_norm': 0.05482310429215431, 'learning_rate': 4.105748757984386e-05, 'epoch': 0.18}
{'loss': 0.4689, 'grad_norm': 0.0606987439095974, 'learning_rate': 4.098651525904897e-05, 'epoch': 0.18}
{'loss': 0.4347, 'grad_norm': 0.06939031928777695, 'learning_rate': 4.091554293825408e-05, 'epoch': 0.18}
{'loss': 0.4655, 'grad_norm': 0.06623353809118271, 'learning_rate': 4.084457061745919e-05, 'epoch': 0.18}
{'loss': 0.4602, 'grad_norm': 0.05344311147928238, 'learning_rate': 4.07735982966643e-05, 'epoch': 0.18}
{'loss': 0.4411, 'grad_norm': 0.0582582987844944, 'learning_rate': 4.070262597586941e-05, 'epoch': 0.19}
{'loss': 0.4692, 'grad_norm': 0.06716081500053406, 'learning_rate': 4.063165365507452e-05, 'epoch': 0.19}
{'loss': 0.4492, 'grad_norm': 0.05456775054335594, 'learning_rate': 4.056068133427963e-05, 'epoch': 0.19}
{'loss': 0.456, 'grad_norm': 0.043902941048145294, 'learning_rate': 4.048970901348474e-05, 'epoch': 0.19}
{'loss': 0.434, 'grad_norm': 0.06488512456417084, 'learning_rate': 4.0418736692689854e-05, 'epoch': 0.19}
{'loss': 0.4753, 'grad_norm': 0.06964603811502457, 'learning_rate': 4.034776437189497e-05, 'epoch': 0.19}
{'loss': 0.4401, 'grad_norm': 0.05487971380352974, 'learning_rate': 4.027679205110007e-05, 'epoch': 0.19}
{'loss': 0.4552, 'grad_norm': 0.06524702161550522, 'learning_rate': 4.0205819730305186e-05, 'epoch': 0.2}
{'loss': 0.4642, 'grad_norm': 0.05303807929158211, 'learning_rate': 4.01348474095103e-05, 'epoch': 0.2}
{'loss': 0.458, 'grad_norm': 0.06759767234325409, 'learning_rate': 4.0063875088715405e-05, 'epoch': 0.2}
{'loss': 0.4806, 'grad_norm': 0.054446689784526825, 'learning_rate': 3.999290276792052e-05, 'epoch': 0.2}
{'eval_loss': 0.6190484762191772, 'eval_sacrebleu_score': 5.054430968262469, 'eval_sacrebleu_counts': [14117, 7407, 4364, 2668], 'eval_sacrebleu_totals': [24329, 23542, 22756, 21970], 'eval_sacrebleu_precisions': [58.02540178387932, 31.462917339223516, 19.17735981719107, 12.143832498862084], 'eval_sacrebleu_bp': 0.19793921190349695, 'eval_sacrebleu_sys_len': 24329, 'eval_sacrebleu_ref_len': 63737, 'eval_rouge_rouge1': 0.1420709877872309, 'eval_rouge_rouge2': 0.07823147787189108, 'eval_rouge_rougeL': 0.12875638680010015, 'eval_rouge_rougeLsum': 0.12867584618248273, 'eval_meteor_meteor': 0.13561831364273597, 'eval_runtime': 134.4922, 'eval_samples_per_second': 22.306, 'eval_steps_per_second': 1.398, 'epoch': 0.2}
{'loss': 0.4501, 'grad_norm': 0.05296476557850838, 'learning_rate': 3.992193044712562e-05, 'epoch': 0.2}
{'loss': 0.427, 'grad_norm': 0.0671624019742012, 'learning_rate': 3.9850958126330736e-05, 'epoch': 0.2}
{'loss': 0.4506, 'grad_norm': 0.06266804784536362, 'learning_rate': 3.977998580553584e-05, 'epoch': 0.2}
{'loss': 0.453, 'grad_norm': 0.0704462006688118, 'learning_rate': 3.9709013484740955e-05, 'epoch': 0.21}
{'loss': 0.4464, 'grad_norm': 0.0572664812207222, 'learning_rate': 3.963804116394606e-05, 'epoch': 0.21}
{'loss': 0.4613, 'grad_norm': 0.05198265612125397, 'learning_rate': 3.956706884315117e-05, 'epoch': 0.21}
{'loss': 0.4779, 'grad_norm': 0.1637115478515625, 'learning_rate': 3.9496096522356286e-05, 'epoch': 0.21}
{'loss': 0.475, 'grad_norm': 0.10668496787548065, 'learning_rate': 3.942512420156139e-05, 'epoch': 0.21}
{'loss': 0.4537, 'grad_norm': 0.061469145119190216, 'learning_rate': 3.9354151880766505e-05, 'epoch': 0.21}
{'loss': 0.4496, 'grad_norm': 0.057482536882162094, 'learning_rate': 3.928317955997161e-05, 'epoch': 0.21}
{'loss': 0.4461, 'grad_norm': 0.0710696280002594, 'learning_rate': 3.921220723917672e-05, 'epoch': 0.22}
{'loss': 0.4482, 'grad_norm': 0.04904380440711975, 'learning_rate': 3.914123491838183e-05, 'epoch': 0.22}
{'loss': 0.4588, 'grad_norm': 0.05478200316429138, 'learning_rate': 3.907026259758694e-05, 'epoch': 0.22}
{'loss': 0.4718, 'grad_norm': 0.05712917447090149, 'learning_rate': 3.8999290276792055e-05, 'epoch': 0.22}
{'loss': 0.4645, 'grad_norm': 0.0640261247754097, 'learning_rate': 3.892831795599716e-05, 'epoch': 0.22}
{'loss': 0.4072, 'grad_norm': 0.05916643142700195, 'learning_rate': 3.8857345635202273e-05, 'epoch': 0.22}
{'loss': 0.4435, 'grad_norm': 0.05792558565735817, 'learning_rate': 3.878637331440738e-05, 'epoch': 0.22}
{'loss': 0.4428, 'grad_norm': 0.05309069901704788, 'learning_rate': 3.871540099361249e-05, 'epoch': 0.23}
{'loss': 0.463, 'grad_norm': 0.06058229133486748, 'learning_rate': 3.86444286728176e-05, 'epoch': 0.23}
{'loss': 0.461, 'grad_norm': 0.060839246958494186, 'learning_rate': 3.857345635202271e-05, 'epoch': 0.23}
{'loss': 0.4734, 'grad_norm': 0.06399303674697876, 'learning_rate': 3.8502484031227824e-05, 'epoch': 0.23}
{'loss': 0.451, 'grad_norm': 0.062239862978458405, 'learning_rate': 3.843151171043293e-05, 'epoch': 0.23}
{'loss': 0.4595, 'grad_norm': 0.05301413685083389, 'learning_rate': 3.836053938963804e-05, 'epoch': 0.23}
{'loss': 0.4658, 'grad_norm': 0.058938249945640564, 'learning_rate': 3.8289567068843155e-05, 'epoch': 0.23}
{'loss': 0.4758, 'grad_norm': 0.06083689257502556, 'learning_rate': 3.821859474804826e-05, 'epoch': 0.24}
{'loss': 0.464, 'grad_norm': 0.05674248933792114, 'learning_rate': 3.8147622427253374e-05, 'epoch': 0.24}
{'loss': 0.464, 'grad_norm': 0.05887686461210251, 'learning_rate': 3.8076650106458486e-05, 'epoch': 0.24}
{'loss': 0.4645, 'grad_norm': 0.06715782731771469, 'learning_rate': 3.800567778566359e-05, 'epoch': 0.24}
{'loss': 0.4412, 'grad_norm': 0.05221164599061012, 'learning_rate': 3.7934705464868705e-05, 'epoch': 0.24}
{'loss': 0.4126, 'grad_norm': 0.055936604738235474, 'learning_rate': 3.786373314407382e-05, 'epoch': 0.24}
{'loss': 0.4564, 'grad_norm': 0.04970229044556618, 'learning_rate': 3.7792760823278924e-05, 'epoch': 0.24}
{'loss': 0.4842, 'grad_norm': 0.05814080312848091, 'learning_rate': 3.7721788502484036e-05, 'epoch': 0.25}
{'loss': 0.4935, 'grad_norm': 0.053098708391189575, 'learning_rate': 3.765081618168914e-05, 'epoch': 0.25}
{'loss': 0.4803, 'grad_norm': 0.0558488704264164, 'learning_rate': 3.7579843860894255e-05, 'epoch': 0.25}
{'loss': 0.4379, 'grad_norm': 0.05136152729392052, 'learning_rate': 3.750887154009936e-05, 'epoch': 0.25}
{'loss': 0.469, 'grad_norm': 0.07825496047735214, 'learning_rate': 3.7437899219304474e-05, 'epoch': 0.25}
{'loss': 0.4497, 'grad_norm': 0.046309515833854675, 'learning_rate': 3.7366926898509586e-05, 'epoch': 0.25}
{'loss': 0.4758, 'grad_norm': 0.05160802975296974, 'learning_rate': 3.729595457771469e-05, 'epoch': 0.25}
{'loss': 0.4724, 'grad_norm': 0.059306658804416656, 'learning_rate': 3.7224982256919805e-05, 'epoch': 0.26}
{'loss': 0.4807, 'grad_norm': 0.061144959181547165, 'learning_rate': 3.715400993612491e-05, 'epoch': 0.26}
{'loss': 0.4476, 'grad_norm': 0.05409073829650879, 'learning_rate': 3.7083037615330024e-05, 'epoch': 0.26}
{'loss': 0.4472, 'grad_norm': 0.04741906374692917, 'learning_rate': 3.701206529453513e-05, 'epoch': 0.26}
{'loss': 0.4287, 'grad_norm': 0.05222710594534874, 'learning_rate': 3.694109297374024e-05, 'epoch': 0.26}
{'loss': 0.4187, 'grad_norm': 0.052567530423402786, 'learning_rate': 3.6870120652945355e-05, 'epoch': 0.26}
{'loss': 0.4563, 'grad_norm': 0.06622156500816345, 'learning_rate': 3.679914833215046e-05, 'epoch': 0.26}
{'loss': 0.4472, 'grad_norm': 0.05096226930618286, 'learning_rate': 3.6728176011355574e-05, 'epoch': 0.27}
{'loss': 0.4709, 'grad_norm': 0.062150739133358, 'learning_rate': 3.665720369056068e-05, 'epoch': 0.27}
{'loss': 0.4548, 'grad_norm': 0.06218152865767479, 'learning_rate': 3.658623136976579e-05, 'epoch': 0.27}
{'loss': 0.4851, 'grad_norm': 0.06327954679727554, 'learning_rate': 3.65152590489709e-05, 'epoch': 0.27}
{'loss': 0.4823, 'grad_norm': 0.05130394548177719, 'learning_rate': 3.644428672817601e-05, 'epoch': 0.27}
{'loss': 0.4681, 'grad_norm': 0.05254589766263962, 'learning_rate': 3.637331440738112e-05, 'epoch': 0.27}
{'loss': 0.4555, 'grad_norm': 0.054516855627298355, 'learning_rate': 3.630234208658623e-05, 'epoch': 0.27}
{'loss': 0.4552, 'grad_norm': 0.050696540623903275, 'learning_rate': 3.623136976579134e-05, 'epoch': 0.28}
{'loss': 0.4288, 'grad_norm': 0.0463845431804657, 'learning_rate': 3.6160397444996455e-05, 'epoch': 0.28}
{'loss': 0.4699, 'grad_norm': 0.04579857736825943, 'learning_rate': 3.608942512420156e-05, 'epoch': 0.28}
{'loss': 0.4478, 'grad_norm': 0.06048130989074707, 'learning_rate': 3.6018452803406674e-05, 'epoch': 0.28}
{'loss': 0.4603, 'grad_norm': 0.04741072654724121, 'learning_rate': 3.594748048261179e-05, 'epoch': 0.28}
{'loss': 0.472, 'grad_norm': 0.06129993125796318, 'learning_rate': 3.587650816181689e-05, 'epoch': 0.28}
{'loss': 0.4779, 'grad_norm': 0.04953592270612717, 'learning_rate': 3.5805535841022005e-05, 'epoch': 0.28}
{'loss': 0.4278, 'grad_norm': 0.05056137219071388, 'learning_rate': 3.573456352022712e-05, 'epoch': 0.29}
{'loss': 0.421, 'grad_norm': 0.0656716600060463, 'learning_rate': 3.5663591199432224e-05, 'epoch': 0.29}
{'loss': 0.4453, 'grad_norm': 0.07068103551864624, 'learning_rate': 3.559261887863734e-05, 'epoch': 0.29}
{'loss': 0.4647, 'grad_norm': 0.06272408366203308, 'learning_rate': 3.552164655784244e-05, 'epoch': 0.29}
{'loss': 0.4584, 'grad_norm': 0.06193135678768158, 'learning_rate': 3.5450674237047556e-05, 'epoch': 0.29}
{'loss': 0.4343, 'grad_norm': 0.05217066407203674, 'learning_rate': 3.537970191625266e-05, 'epoch': 0.29}
{'loss': 0.4405, 'grad_norm': 0.05185233801603317, 'learning_rate': 3.5308729595457774e-05, 'epoch': 0.29}
{'loss': 0.4408, 'grad_norm': 0.04990043863654137, 'learning_rate': 3.523775727466289e-05, 'epoch': 0.3}
{'loss': 0.4562, 'grad_norm': 0.05330273136496544, 'learning_rate': 3.516678495386799e-05, 'epoch': 0.3}
{'loss': 0.4704, 'grad_norm': 0.06081318482756615, 'learning_rate': 3.5095812633073106e-05, 'epoch': 0.3}
{'loss': 0.4459, 'grad_norm': 0.046839483082294464, 'learning_rate': 3.502484031227821e-05, 'epoch': 0.3}
{'eval_loss': 0.6177935004234314, 'eval_sacrebleu_score': 7.597089491255768, 'eval_sacrebleu_counts': [16737, 8769, 5142, 3152], 'eval_sacrebleu_totals': [28759, 27762, 26766, 25770], 'eval_sacrebleu_precisions': [58.19743384679578, 31.58634104171169, 19.21093925128895, 12.23127667830811], 'eval_sacrebleu_bp': 0.29634073667832533, 'eval_sacrebleu_sys_len': 28759, 'eval_sacrebleu_ref_len': 63737, 'eval_rouge_rouge1': 0.18050594528135794, 'eval_rouge_rouge2': 0.09964787952350199, 'eval_rouge_rougeL': 0.16339899228046623, 'eval_rouge_rougeLsum': 0.1633856200622928, 'eval_meteor_meteor': 0.17094706552067407, 'eval_runtime': 134.4055, 'eval_samples_per_second': 22.321, 'eval_steps_per_second': 1.399, 'epoch': 0.3}
{'loss': 0.4295, 'grad_norm': 0.05775465816259384, 'learning_rate': 3.4953867991483324e-05, 'epoch': 0.3}
{'loss': 0.4886, 'grad_norm': 0.06286906450986862, 'learning_rate': 3.488289567068843e-05, 'epoch': 0.3}
{'loss': 0.4471, 'grad_norm': 0.04762589558959007, 'learning_rate': 3.481192334989354e-05, 'epoch': 0.3}
{'loss': 0.466, 'grad_norm': 0.05682871863245964, 'learning_rate': 3.474095102909865e-05, 'epoch': 0.31}
{'loss': 0.4412, 'grad_norm': 0.05097118765115738, 'learning_rate': 3.466997870830376e-05, 'epoch': 0.31}
{'loss': 0.432, 'grad_norm': 0.05390412360429764, 'learning_rate': 3.4599006387508874e-05, 'epoch': 0.31}
{'loss': 0.4518, 'grad_norm': 0.05458347126841545, 'learning_rate': 3.452803406671398e-05, 'epoch': 0.31}
{'loss': 0.4683, 'grad_norm': 0.056529607623815536, 'learning_rate': 3.445706174591909e-05, 'epoch': 0.31}
{'loss': 0.4366, 'grad_norm': 0.055752500891685486, 'learning_rate': 3.43860894251242e-05, 'epoch': 0.31}
{'loss': 0.4411, 'grad_norm': 0.0400925911962986, 'learning_rate': 3.431511710432931e-05, 'epoch': 0.31}
{'loss': 0.4582, 'grad_norm': 0.05423705652356148, 'learning_rate': 3.424414478353442e-05, 'epoch': 0.32}
{'loss': 0.4714, 'grad_norm': 0.058998771011829376, 'learning_rate': 3.417317246273953e-05, 'epoch': 0.32}
{'loss': 0.4461, 'grad_norm': 0.05417780578136444, 'learning_rate': 3.410220014194464e-05, 'epoch': 0.32}
{'loss': 0.4471, 'grad_norm': 0.048655539751052856, 'learning_rate': 3.4031227821149756e-05, 'epoch': 0.32}
{'loss': 0.4384, 'grad_norm': 0.05092029273509979, 'learning_rate': 3.396025550035486e-05, 'epoch': 0.32}
{'loss': 0.4536, 'grad_norm': 0.0674348920583725, 'learning_rate': 3.3889283179559974e-05, 'epoch': 0.32}
{'loss': 0.4781, 'grad_norm': 0.05677821487188339, 'learning_rate': 3.381831085876509e-05, 'epoch': 0.32}
{'loss': 0.429, 'grad_norm': 0.057136859744787216, 'learning_rate': 3.374733853797019e-05, 'epoch': 0.33}
{'loss': 0.4505, 'grad_norm': 0.05201810225844383, 'learning_rate': 3.3676366217175306e-05, 'epoch': 0.33}
{'loss': 0.4562, 'grad_norm': 0.060329318046569824, 'learning_rate': 3.360539389638042e-05, 'epoch': 0.33}
{'loss': 0.4491, 'grad_norm': 0.05586106330156326, 'learning_rate': 3.3534421575585525e-05, 'epoch': 0.33}
{'loss': 0.4544, 'grad_norm': 0.0625961422920227, 'learning_rate': 3.346344925479064e-05, 'epoch': 0.33}
{'loss': 0.4458, 'grad_norm': 0.05251367390155792, 'learning_rate': 3.339247693399574e-05, 'epoch': 0.33}
{'loss': 0.4505, 'grad_norm': 0.06763527542352676, 'learning_rate': 3.3321504613200856e-05, 'epoch': 0.33}
{'loss': 0.4195, 'grad_norm': 0.06086799129843712, 'learning_rate': 3.325053229240596e-05, 'epoch': 0.33}
{'loss': 0.451, 'grad_norm': 0.05177870765328407, 'learning_rate': 3.3179559971611075e-05, 'epoch': 0.34}
{'loss': 0.4588, 'grad_norm': 0.060244202613830566, 'learning_rate': 3.310858765081618e-05, 'epoch': 0.34}
{'loss': 0.4648, 'grad_norm': 0.04309209808707237, 'learning_rate': 3.303761533002129e-05, 'epoch': 0.34}
{'loss': 0.4467, 'grad_norm': 0.04165099561214447, 'learning_rate': 3.2966643009226406e-05, 'epoch': 0.34}
{'loss': 0.4601, 'grad_norm': 0.05129305273294449, 'learning_rate': 3.289567068843151e-05, 'epoch': 0.34}
{'loss': 0.451, 'grad_norm': 0.05323608219623566, 'learning_rate': 3.2824698367636625e-05, 'epoch': 0.34}
{'loss': 0.4376, 'grad_norm': 0.04599134251475334, 'learning_rate': 3.275372604684173e-05, 'epoch': 0.34}
{'loss': 0.4652, 'grad_norm': 0.05685299634933472, 'learning_rate': 3.2682753726046843e-05, 'epoch': 0.35}
{'loss': 0.442, 'grad_norm': 0.0625530406832695, 'learning_rate': 3.261178140525195e-05, 'epoch': 0.35}
{'loss': 0.4467, 'grad_norm': 0.04709654673933983, 'learning_rate': 3.254080908445706e-05, 'epoch': 0.35}
{'loss': 0.4323, 'grad_norm': 0.05683537945151329, 'learning_rate': 3.2469836763662175e-05, 'epoch': 0.35}
{'loss': 0.4683, 'grad_norm': 0.06134190410375595, 'learning_rate': 3.239886444286728e-05, 'epoch': 0.35}
{'loss': 0.4295, 'grad_norm': 0.05254344642162323, 'learning_rate': 3.2327892122072393e-05, 'epoch': 0.35}
{'loss': 0.4401, 'grad_norm': 0.04911557585000992, 'learning_rate': 3.22569198012775e-05, 'epoch': 0.35}
{'loss': 0.456, 'grad_norm': 0.07351605594158173, 'learning_rate': 3.218594748048261e-05, 'epoch': 0.36}
{'loss': 0.4417, 'grad_norm': 0.05635904148221016, 'learning_rate': 3.211497515968772e-05, 'epoch': 0.36}
{'loss': 0.4396, 'grad_norm': 0.05456224083900452, 'learning_rate': 3.204400283889283e-05, 'epoch': 0.36}
{'loss': 0.4534, 'grad_norm': 0.06268572807312012, 'learning_rate': 3.1973030518097944e-05, 'epoch': 0.36}
{'loss': 0.4598, 'grad_norm': 0.06306113302707672, 'learning_rate': 3.1902058197303056e-05, 'epoch': 0.36}
{'loss': 0.433, 'grad_norm': 0.06658495217561722, 'learning_rate': 3.183108587650816e-05, 'epoch': 0.36}
{'loss': 0.4153, 'grad_norm': 0.06085251271724701, 'learning_rate': 3.1760113555713275e-05, 'epoch': 0.36}
{'loss': 0.4466, 'grad_norm': 0.058590736240148544, 'learning_rate': 3.168914123491839e-05, 'epoch': 0.37}
{'loss': 0.4706, 'grad_norm': 0.05386124551296234, 'learning_rate': 3.1618168914123494e-05, 'epoch': 0.37}
{'loss': 0.439, 'grad_norm': 0.056367408484220505, 'learning_rate': 3.1547196593328606e-05, 'epoch': 0.37}
{'loss': 0.4549, 'grad_norm': 0.058521438390016556, 'learning_rate': 3.147622427253371e-05, 'epoch': 0.37}
{'loss': 0.4339, 'grad_norm': 0.058633577078580856, 'learning_rate': 3.1405251951738825e-05, 'epoch': 0.37}
{'loss': 0.4786, 'grad_norm': 0.06470827013254166, 'learning_rate': 3.133427963094394e-05, 'epoch': 0.37}
{'loss': 0.4668, 'grad_norm': 0.06619229912757874, 'learning_rate': 3.1263307310149044e-05, 'epoch': 0.37}
{'loss': 0.4418, 'grad_norm': 0.06397305428981781, 'learning_rate': 3.1192334989354156e-05, 'epoch': 0.38}
{'loss': 0.4423, 'grad_norm': 0.05628988519310951, 'learning_rate': 3.112136266855926e-05, 'epoch': 0.38}
{'loss': 0.4442, 'grad_norm': 0.05154414474964142, 'learning_rate': 3.1050390347764375e-05, 'epoch': 0.38}
{'loss': 0.4325, 'grad_norm': 0.06048818305134773, 'learning_rate': 3.097941802696948e-05, 'epoch': 0.38}
{'loss': 0.4131, 'grad_norm': 0.04609141871333122, 'learning_rate': 3.0908445706174594e-05, 'epoch': 0.38}
{'loss': 0.4385, 'grad_norm': 0.05768275633454323, 'learning_rate': 3.0837473385379707e-05, 'epoch': 0.38}
{'loss': 0.4443, 'grad_norm': 0.051132842898368835, 'learning_rate': 3.076650106458481e-05, 'epoch': 0.38}
{'loss': 0.4414, 'grad_norm': 0.05382400378584862, 'learning_rate': 3.0695528743789925e-05, 'epoch': 0.39}
{'loss': 0.4345, 'grad_norm': 0.042832814157009125, 'learning_rate': 3.062455642299503e-05, 'epoch': 0.39}
{'loss': 0.4888, 'grad_norm': 0.056225623935461044, 'learning_rate': 3.0553584102200144e-05, 'epoch': 0.39}
{'loss': 0.4338, 'grad_norm': 0.050138767808675766, 'learning_rate': 3.048261178140525e-05, 'epoch': 0.39}
{'loss': 0.4372, 'grad_norm': 0.053986743092536926, 'learning_rate': 3.0411639460610363e-05, 'epoch': 0.39}
{'loss': 0.4167, 'grad_norm': 0.05544566735625267, 'learning_rate': 3.0340667139815472e-05, 'epoch': 0.39}
{'loss': 0.443, 'grad_norm': 0.050462525337934494, 'learning_rate': 3.0269694819020585e-05, 'epoch': 0.39}
{'loss': 0.4461, 'grad_norm': 0.057348962873220444, 'learning_rate': 3.0198722498225694e-05, 'epoch': 0.4}
{'loss': 0.4385, 'grad_norm': 0.058637604117393494, 'learning_rate': 3.0127750177430803e-05, 'epoch': 0.4}
{'loss': 0.4553, 'grad_norm': 0.0869530439376831, 'learning_rate': 3.0056777856635916e-05, 'epoch': 0.4}
{'loss': 0.4887, 'grad_norm': 0.05439716577529907, 'learning_rate': 2.9985805535841022e-05, 'epoch': 0.4}
{'eval_loss': 0.6173387169837952, 'eval_sacrebleu_score': 8.151561110114594, 'eval_sacrebleu_counts': [17256, 9056, 5321, 3261], 'eval_sacrebleu_totals': [29687, 28655, 27623, 26591], 'eval_sacrebleu_precisions': [58.126452656044734, 31.6035595882045, 19.262933063027187, 12.26354781693054], 'eval_sacrebleu_bp': 0.3175986863628896, 'eval_sacrebleu_sys_len': 29687, 'eval_sacrebleu_ref_len': 63737, 'eval_rouge_rouge1': 0.1871767572495842, 'eval_rouge_rouge2': 0.10369087446508184, 'eval_rouge_rougeL': 0.16922123894674154, 'eval_rouge_rougeLsum': 0.16926423924713108, 'eval_meteor_meteor': 0.1774100241214854, 'eval_runtime': 134.0383, 'eval_samples_per_second': 22.382, 'eval_steps_per_second': 1.403, 'epoch': 0.4}
{'loss': 0.4206, 'grad_norm': 0.04904619976878166, 'learning_rate': 2.9914833215046135e-05, 'epoch': 0.4}
{'loss': 0.4595, 'grad_norm': 0.0652933418750763, 'learning_rate': 2.984386089425124e-05, 'epoch': 0.4}
{'loss': 0.4726, 'grad_norm': 0.056557103991508484, 'learning_rate': 2.9772888573456353e-05, 'epoch': 0.4}
{'loss': 0.468, 'grad_norm': 0.06339963525533676, 'learning_rate': 2.9701916252661466e-05, 'epoch': 0.41}
{'loss': 0.4407, 'grad_norm': 0.057994917035102844, 'learning_rate': 2.9630943931866572e-05, 'epoch': 0.41}
{'loss': 0.4951, 'grad_norm': 0.06567921489477158, 'learning_rate': 2.9559971611071685e-05, 'epoch': 0.41}
{'loss': 0.4502, 'grad_norm': 0.06566528230905533, 'learning_rate': 2.948899929027679e-05, 'epoch': 0.41}
{'loss': 0.4554, 'grad_norm': 0.06178585812449455, 'learning_rate': 2.9418026969481903e-05, 'epoch': 0.41}
{'loss': 0.4414, 'grad_norm': 0.05162564665079117, 'learning_rate': 2.9347054648687013e-05, 'epoch': 0.41}
{'loss': 0.4535, 'grad_norm': 0.05377613753080368, 'learning_rate': 2.9276082327892122e-05, 'epoch': 0.41}
{'loss': 0.4514, 'grad_norm': 0.06285350024700165, 'learning_rate': 2.9205110007097235e-05, 'epoch': 0.42}
{'loss': 0.457, 'grad_norm': 0.04917424917221069, 'learning_rate': 2.9134137686302344e-05, 'epoch': 0.42}
{'loss': 0.4362, 'grad_norm': 0.06029606983065605, 'learning_rate': 2.9063165365507457e-05, 'epoch': 0.42}
{'loss': 0.4722, 'grad_norm': 0.05892147868871689, 'learning_rate': 2.8992193044712563e-05, 'epoch': 0.42}
{'loss': 0.461, 'grad_norm': 0.04527049884200096, 'learning_rate': 2.8921220723917676e-05, 'epoch': 0.42}
{'loss': 0.4328, 'grad_norm': 0.05775080993771553, 'learning_rate': 2.885024840312278e-05, 'epoch': 0.42}
{'loss': 0.4517, 'grad_norm': 0.05745404213666916, 'learning_rate': 2.8779276082327894e-05, 'epoch': 0.42}
{'loss': 0.4663, 'grad_norm': 0.05730491131544113, 'learning_rate': 2.8708303761533e-05, 'epoch': 0.43}
{'loss': 0.4559, 'grad_norm': 0.05427228659391403, 'learning_rate': 2.8637331440738113e-05, 'epoch': 0.43}
{'loss': 0.4384, 'grad_norm': 0.05600479990243912, 'learning_rate': 2.8566359119943226e-05, 'epoch': 0.43}
{'loss': 0.4598, 'grad_norm': 0.047286506742239, 'learning_rate': 2.849538679914833e-05, 'epoch': 0.43}
{'loss': 0.4619, 'grad_norm': 0.04951947182416916, 'learning_rate': 2.8424414478353444e-05, 'epoch': 0.43}
{'loss': 0.4707, 'grad_norm': 0.05643897131085396, 'learning_rate': 2.835344215755855e-05, 'epoch': 0.43}
{'loss': 0.3908, 'grad_norm': 0.04599301889538765, 'learning_rate': 2.8282469836763663e-05, 'epoch': 0.43}
{'loss': 0.4747, 'grad_norm': 0.05347378924489021, 'learning_rate': 2.8211497515968772e-05, 'epoch': 0.44}
{'loss': 0.4448, 'grad_norm': 0.05197197571396828, 'learning_rate': 2.8140525195173885e-05, 'epoch': 0.44}
{'loss': 0.4237, 'grad_norm': 0.0538763701915741, 'learning_rate': 2.8069552874378994e-05, 'epoch': 0.44}
{'loss': 0.461, 'grad_norm': 0.0486847460269928, 'learning_rate': 2.7998580553584104e-05, 'epoch': 0.44}
{'loss': 0.4413, 'grad_norm': 0.04884456843137741, 'learning_rate': 2.7927608232789216e-05, 'epoch': 0.44}
{'loss': 0.4629, 'grad_norm': 0.05822199583053589, 'learning_rate': 2.7856635911994322e-05, 'epoch': 0.44}
{'loss': 0.4119, 'grad_norm': 0.0567968413233757, 'learning_rate': 2.7785663591199435e-05, 'epoch': 0.44}
{'loss': 0.4511, 'grad_norm': 0.052993059158325195, 'learning_rate': 2.771469127040454e-05, 'epoch': 0.45}
{'loss': 0.4285, 'grad_norm': 0.046862006187438965, 'learning_rate': 2.7643718949609654e-05, 'epoch': 0.45}
{'loss': 0.4627, 'grad_norm': 0.05286717414855957, 'learning_rate': 2.7572746628814767e-05, 'epoch': 0.45}
{'loss': 0.4551, 'grad_norm': 0.0496993362903595, 'learning_rate': 2.7501774308019872e-05, 'epoch': 0.45}
{'loss': 0.4537, 'grad_norm': 0.04719291627407074, 'learning_rate': 2.7430801987224985e-05, 'epoch': 0.45}
{'loss': 0.4433, 'grad_norm': 0.05111486464738846, 'learning_rate': 2.735982966643009e-05, 'epoch': 0.45}
{'loss': 0.4433, 'grad_norm': 0.0637059286236763, 'learning_rate': 2.7288857345635204e-05, 'epoch': 0.45}
{'loss': 0.4822, 'grad_norm': 0.054930947721004486, 'learning_rate': 2.7217885024840313e-05, 'epoch': 0.46}
{'loss': 0.4365, 'grad_norm': 0.06209005415439606, 'learning_rate': 2.7146912704045423e-05, 'epoch': 0.46}
{'loss': 0.4561, 'grad_norm': 0.046368930488824844, 'learning_rate': 2.7075940383250532e-05, 'epoch': 0.46}
{'loss': 0.445, 'grad_norm': 0.05230602249503136, 'learning_rate': 2.7004968062455645e-05, 'epoch': 0.46}
{'loss': 0.44, 'grad_norm': 0.050450533628463745, 'learning_rate': 2.6933995741660757e-05, 'epoch': 0.46}
{'loss': 0.4685, 'grad_norm': 0.051083821803331375, 'learning_rate': 2.6863023420865863e-05, 'epoch': 0.46}
{'loss': 0.4579, 'grad_norm': 0.057604625821113586, 'learning_rate': 2.6792051100070976e-05, 'epoch': 0.46}
{'loss': 0.4308, 'grad_norm': 0.05388892441987991, 'learning_rate': 2.6721078779276082e-05, 'epoch': 0.47}
{'loss': 0.4161, 'grad_norm': 0.05445125699043274, 'learning_rate': 2.6650106458481195e-05, 'epoch': 0.47}
{'loss': 0.4344, 'grad_norm': 0.04802358150482178, 'learning_rate': 2.65791341376863e-05, 'epoch': 0.47}
{'loss': 0.4436, 'grad_norm': 0.04789634048938751, 'learning_rate': 2.6508161816891413e-05, 'epoch': 0.47}
{'loss': 0.4499, 'grad_norm': 0.06406690180301666, 'learning_rate': 2.6437189496096526e-05, 'epoch': 0.47}
{'loss': 0.4552, 'grad_norm': 0.053840335458517075, 'learning_rate': 2.6366217175301632e-05, 'epoch': 0.47}
{'loss': 0.4482, 'grad_norm': 0.05771279335021973, 'learning_rate': 2.6295244854506745e-05, 'epoch': 0.47}
{'loss': 0.4214, 'grad_norm': 0.04534825310111046, 'learning_rate': 2.622427253371185e-05, 'epoch': 0.48}
{'loss': 0.4483, 'grad_norm': 0.05585199221968651, 'learning_rate': 2.6153300212916963e-05, 'epoch': 0.48}
{'loss': 0.4553, 'grad_norm': 0.05066916346549988, 'learning_rate': 2.6082327892122073e-05, 'epoch': 0.48}
{'loss': 0.4506, 'grad_norm': 0.05420055612921715, 'learning_rate': 2.6011355571327186e-05, 'epoch': 0.48}
{'loss': 0.4324, 'grad_norm': 0.0552285835146904, 'learning_rate': 2.5940383250532295e-05, 'epoch': 0.48}
{'loss': 0.4704, 'grad_norm': 0.055235326290130615, 'learning_rate': 2.5869410929737404e-05, 'epoch': 0.48}
{'loss': 0.4601, 'grad_norm': 0.05968829244375229, 'learning_rate': 2.5798438608942517e-05, 'epoch': 0.48}
{'loss': 0.423, 'grad_norm': 0.05490938201546669, 'learning_rate': 2.5727466288147623e-05, 'epoch': 0.49}
{'loss': 0.4821, 'grad_norm': 0.05194869637489319, 'learning_rate': 2.5656493967352736e-05, 'epoch': 0.49}
{'loss': 0.4545, 'grad_norm': 0.06525039672851562, 'learning_rate': 2.558552164655784e-05, 'epoch': 0.49}
{'loss': 0.4665, 'grad_norm': 0.0616169199347496, 'learning_rate': 2.5514549325762954e-05, 'epoch': 0.49}
{'loss': 0.4446, 'grad_norm': 0.0553281232714653, 'learning_rate': 2.544357700496806e-05, 'epoch': 0.49}
{'loss': 0.4423, 'grad_norm': 0.05905097723007202, 'learning_rate': 2.5372604684173173e-05, 'epoch': 0.49}
{'loss': 0.436, 'grad_norm': 0.05282147601246834, 'learning_rate': 2.5301632363378286e-05, 'epoch': 0.49}
{'loss': 0.4552, 'grad_norm': 0.05042806267738342, 'learning_rate': 2.523066004258339e-05, 'epoch': 0.5}
{'loss': 0.4677, 'grad_norm': 0.04966087266802788, 'learning_rate': 2.5159687721788504e-05, 'epoch': 0.5}
{'loss': 0.4441, 'grad_norm': 0.04745360463857651, 'learning_rate': 2.5088715400993614e-05, 'epoch': 0.5}
{'loss': 0.449, 'grad_norm': 0.05322585254907608, 'learning_rate': 2.5017743080198723e-05, 'epoch': 0.5}
{'eval_loss': 0.616877555847168, 'eval_sacrebleu_score': 8.887261130968275, 'eval_sacrebleu_counts': [17992, 9410, 5515, 3375], 'eval_sacrebleu_totals': [31005, 29908, 28811, 27714], 'eval_sacrebleu_precisions': [58.0293501048218, 31.463153671258524, 19.14199437714762, 12.177960597531934], 'eval_sacrebleu_bp': 0.3479485366140125, 'eval_sacrebleu_sys_len': 31005, 'eval_sacrebleu_ref_len': 63737, 'eval_rouge_rouge1': 0.19771769226060482, 'eval_rouge_rouge2': 0.10879552107022071, 'eval_rouge_rougeL': 0.17920511825826269, 'eval_rouge_rougeLsum': 0.1790749814530338, 'eval_meteor_meteor': 0.18665099158118384, 'eval_runtime': 133.8763, 'eval_samples_per_second': 22.409, 'eval_steps_per_second': 1.404, 'epoch': 0.5}
{'loss': 0.4437, 'grad_norm': 0.049646586179733276, 'learning_rate': 2.4946770759403836e-05, 'epoch': 0.5}
{'loss': 0.465, 'grad_norm': 0.05433005467057228, 'learning_rate': 2.4875798438608945e-05, 'epoch': 0.5}
{'loss': 0.4461, 'grad_norm': 0.06091827526688576, 'learning_rate': 2.4804826117814054e-05, 'epoch': 0.5}
{'loss': 0.4476, 'grad_norm': 0.04688941687345505, 'learning_rate': 2.4733853797019164e-05, 'epoch': 0.51}
{'loss': 0.4526, 'grad_norm': 0.047272276133298874, 'learning_rate': 2.4662881476224273e-05, 'epoch': 0.51}
{'loss': 0.437, 'grad_norm': 0.0525420717895031, 'learning_rate': 2.4591909155429382e-05, 'epoch': 0.51}
{'loss': 0.4233, 'grad_norm': 0.051684651523828506, 'learning_rate': 2.4520936834634495e-05, 'epoch': 0.51}
{'loss': 0.4475, 'grad_norm': 0.05382554978132248, 'learning_rate': 2.4449964513839604e-05, 'epoch': 0.51}
{'loss': 0.4708, 'grad_norm': 0.05786266550421715, 'learning_rate': 2.4378992193044714e-05, 'epoch': 0.51}
{'loss': 0.4696, 'grad_norm': 0.06407879292964935, 'learning_rate': 2.4308019872249823e-05, 'epoch': 0.51}
{'loss': 0.4474, 'grad_norm': 0.05303148925304413, 'learning_rate': 2.4237047551454933e-05, 'epoch': 0.52}
{'loss': 0.4174, 'grad_norm': 0.045251961797475815, 'learning_rate': 2.4166075230660042e-05, 'epoch': 0.52}
{'loss': 0.4624, 'grad_norm': 0.05243811011314392, 'learning_rate': 2.409510290986515e-05, 'epoch': 0.52}
{'loss': 0.4426, 'grad_norm': 0.04539075121283531, 'learning_rate': 2.4024130589070264e-05, 'epoch': 0.52}
{'loss': 0.4368, 'grad_norm': 0.05252058431506157, 'learning_rate': 2.3953158268275373e-05, 'epoch': 0.52}
{'loss': 0.4439, 'grad_norm': 0.06396140903234482, 'learning_rate': 2.3882185947480486e-05, 'epoch': 0.52}
{'loss': 0.4677, 'grad_norm': 0.06485487520694733, 'learning_rate': 2.3811213626685595e-05, 'epoch': 0.52}
{'loss': 0.431, 'grad_norm': 0.053688522428274155, 'learning_rate': 2.3740241305890705e-05, 'epoch': 0.53}
{'loss': 0.4618, 'grad_norm': 0.06142623722553253, 'learning_rate': 2.3669268985095814e-05, 'epoch': 0.53}
{'loss': 0.4307, 'grad_norm': 0.06356823444366455, 'learning_rate': 2.3598296664300923e-05, 'epoch': 0.53}
{'loss': 0.4437, 'grad_norm': 0.05203297734260559, 'learning_rate': 2.3527324343506033e-05, 'epoch': 0.53}
{'loss': 0.4325, 'grad_norm': 0.0560801662504673, 'learning_rate': 2.3456352022711145e-05, 'epoch': 0.53}
{'loss': 0.4554, 'grad_norm': 0.047334495931863785, 'learning_rate': 2.3385379701916255e-05, 'epoch': 0.53}
{'loss': 0.4691, 'grad_norm': 0.06068535894155502, 'learning_rate': 2.3314407381121364e-05, 'epoch': 0.53}
{'loss': 0.4641, 'grad_norm': 0.06141025945544243, 'learning_rate': 2.3243435060326473e-05, 'epoch': 0.54}
{'loss': 0.4534, 'grad_norm': 0.06614676862955093, 'learning_rate': 2.3172462739531583e-05, 'epoch': 0.54}
{'loss': 0.4708, 'grad_norm': 0.05933033302426338, 'learning_rate': 2.3101490418736692e-05, 'epoch': 0.54}
{'loss': 0.4579, 'grad_norm': 0.05455086752772331, 'learning_rate': 2.30305180979418e-05, 'epoch': 0.54}
{'loss': 0.4288, 'grad_norm': 0.0577811598777771, 'learning_rate': 2.2959545777146914e-05, 'epoch': 0.54}
{'loss': 0.4455, 'grad_norm': 0.06884583830833435, 'learning_rate': 2.2888573456352023e-05, 'epoch': 0.54}
{'loss': 0.4599, 'grad_norm': 0.046295080333948135, 'learning_rate': 2.2817601135557136e-05, 'epoch': 0.54}
{'loss': 0.4478, 'grad_norm': 0.05284763127565384, 'learning_rate': 2.2746628814762246e-05, 'epoch': 0.55}
{'loss': 0.4491, 'grad_norm': 0.05803879722952843, 'learning_rate': 2.2675656493967355e-05, 'epoch': 0.55}
{'loss': 0.4499, 'grad_norm': 0.0552377812564373, 'learning_rate': 2.2604684173172464e-05, 'epoch': 0.55}
{'loss': 0.4295, 'grad_norm': 0.05417475476861, 'learning_rate': 2.2533711852377574e-05, 'epoch': 0.55}
{'loss': 0.4311, 'grad_norm': 0.05492837727069855, 'learning_rate': 2.2462739531582683e-05, 'epoch': 0.55}
{'loss': 0.4211, 'grad_norm': 0.05711224302649498, 'learning_rate': 2.2391767210787796e-05, 'epoch': 0.55}
{'loss': 0.467, 'grad_norm': 0.05261942371726036, 'learning_rate': 2.2320794889992905e-05, 'epoch': 0.55}
{'loss': 0.4322, 'grad_norm': 0.053213804960250854, 'learning_rate': 2.2249822569198014e-05, 'epoch': 0.56}
{'loss': 0.4466, 'grad_norm': 0.059939194470644, 'learning_rate': 2.2178850248403124e-05, 'epoch': 0.56}
{'loss': 0.4587, 'grad_norm': 0.06075510010123253, 'learning_rate': 2.2107877927608233e-05, 'epoch': 0.56}
{'loss': 0.4447, 'grad_norm': 0.05011770501732826, 'learning_rate': 2.2036905606813342e-05, 'epoch': 0.56}
{'loss': 0.4346, 'grad_norm': 0.04853033274412155, 'learning_rate': 2.196593328601845e-05, 'epoch': 0.56}
{'loss': 0.4843, 'grad_norm': 0.060674745589494705, 'learning_rate': 2.189496096522356e-05, 'epoch': 0.56}
{'loss': 0.4611, 'grad_norm': 0.048030316829681396, 'learning_rate': 2.1823988644428674e-05, 'epoch': 0.56}
{'loss': 0.4638, 'grad_norm': 0.056678641587495804, 'learning_rate': 2.1753016323633783e-05, 'epoch': 0.56}
{'loss': 0.4734, 'grad_norm': 0.048428818583488464, 'learning_rate': 2.1682044002838896e-05, 'epoch': 0.57}
{'loss': 0.4554, 'grad_norm': 0.04624016955494881, 'learning_rate': 2.1611071682044005e-05, 'epoch': 0.57}
{'loss': 0.4541, 'grad_norm': 0.06289446353912354, 'learning_rate': 2.1540099361249114e-05, 'epoch': 0.57}
{'loss': 0.4588, 'grad_norm': 0.05206885561347008, 'learning_rate': 2.1469127040454224e-05, 'epoch': 0.57}
{'loss': 0.4539, 'grad_norm': 0.05931674689054489, 'learning_rate': 2.1398154719659333e-05, 'epoch': 0.57}
{'loss': 0.4415, 'grad_norm': 0.055535223335027695, 'learning_rate': 2.1327182398864442e-05, 'epoch': 0.57}
{'loss': 0.4439, 'grad_norm': 0.05067736282944679, 'learning_rate': 2.1256210078069555e-05, 'epoch': 0.57}
{'loss': 0.4145, 'grad_norm': 0.05142815038561821, 'learning_rate': 2.1185237757274665e-05, 'epoch': 0.58}
{'loss': 0.4327, 'grad_norm': 0.054794080555438995, 'learning_rate': 2.1114265436479774e-05, 'epoch': 0.58}
{'loss': 0.438, 'grad_norm': 0.05178593099117279, 'learning_rate': 2.1043293115684883e-05, 'epoch': 0.58}
{'loss': 0.4369, 'grad_norm': 0.05272898077964783, 'learning_rate': 2.0972320794889993e-05, 'epoch': 0.58}
{'loss': 0.4326, 'grad_norm': 0.051127780228853226, 'learning_rate': 2.0901348474095102e-05, 'epoch': 0.58}
{'loss': 0.4223, 'grad_norm': 0.05676991119980812, 'learning_rate': 2.083037615330021e-05, 'epoch': 0.58}
{'loss': 0.4596, 'grad_norm': 0.06621071696281433, 'learning_rate': 2.0759403832505324e-05, 'epoch': 0.58}
{'loss': 0.4827, 'grad_norm': 0.05080053210258484, 'learning_rate': 2.0688431511710433e-05, 'epoch': 0.59}
{'loss': 0.4496, 'grad_norm': 0.049454525113105774, 'learning_rate': 2.0617459190915546e-05, 'epoch': 0.59}
{'loss': 0.4625, 'grad_norm': 0.051367826759815216, 'learning_rate': 2.0546486870120655e-05, 'epoch': 0.59}
{'loss': 0.4611, 'grad_norm': 0.04034639522433281, 'learning_rate': 2.0475514549325765e-05, 'epoch': 0.59}
{'loss': 0.4629, 'grad_norm': 0.06075827032327652, 'learning_rate': 2.0404542228530874e-05, 'epoch': 0.59}
{'loss': 0.4329, 'grad_norm': 0.061963483691215515, 'learning_rate': 2.0333569907735983e-05, 'epoch': 0.59}
{'loss': 0.4629, 'grad_norm': 0.048002615571022034, 'learning_rate': 2.0262597586941093e-05, 'epoch': 0.59}
{'loss': 0.4463, 'grad_norm': 0.07242006808519363, 'learning_rate': 2.0191625266146205e-05, 'epoch': 0.6}
{'loss': 0.4477, 'grad_norm': 0.057723578065633774, 'learning_rate': 2.0120652945351315e-05, 'epoch': 0.6}
{'loss': 0.4972, 'grad_norm': 0.05896636098623276, 'learning_rate': 2.0049680624556424e-05, 'epoch': 0.6}
{'loss': 0.4584, 'grad_norm': 0.049046460539102554, 'learning_rate': 1.9978708303761533e-05, 'epoch': 0.6}
{'eval_loss': 0.6157331466674805, 'eval_sacrebleu_score': 8.709974372346803, 'eval_sacrebleu_counts': [17828, 9355, 5492, 3358], 'eval_sacrebleu_totals': [30605, 29526, 28447, 27368], 'eval_sacrebleu_precisions': [58.25191962097696, 31.68393957867642, 19.30607796955742, 12.26980415083309], 'eval_sacrebleu_bp': 0.3387244927395249, 'eval_sacrebleu_sys_len': 30605, 'eval_sacrebleu_ref_len': 63737, 'eval_rouge_rouge1': 0.19544094189583225, 'eval_rouge_rouge2': 0.10812314258659439, 'eval_rouge_rougeL': 0.17722247152925769, 'eval_rouge_rougeLsum': 0.17701762075522517, 'eval_meteor_meteor': 0.1851326709599446, 'eval_runtime': 133.6962, 'eval_samples_per_second': 22.439, 'eval_steps_per_second': 1.406, 'epoch': 0.6}
{'loss': 0.4526, 'grad_norm': 0.055176250636577606, 'learning_rate': 1.9907735982966643e-05, 'epoch': 0.6}
{'loss': 0.4222, 'grad_norm': 0.055990077555179596, 'learning_rate': 1.9836763662171752e-05, 'epoch': 0.6}
{'loss': 0.4602, 'grad_norm': 0.05918139964342117, 'learning_rate': 1.976579134137686e-05, 'epoch': 0.6}
{'loss': 0.4532, 'grad_norm': 0.055358465760946274, 'learning_rate': 1.9694819020581974e-05, 'epoch': 0.61}
{'loss': 0.448, 'grad_norm': 0.05909177288413048, 'learning_rate': 1.9623846699787083e-05, 'epoch': 0.61}
{'loss': 0.4654, 'grad_norm': 0.05141393840312958, 'learning_rate': 1.9552874378992196e-05, 'epoch': 0.61}
{'loss': 0.43, 'grad_norm': 0.044394057244062424, 'learning_rate': 1.9481902058197306e-05, 'epoch': 0.61}
{'loss': 0.4505, 'grad_norm': 0.05828933045268059, 'learning_rate': 1.9410929737402415e-05, 'epoch': 0.61}
{'loss': 0.4444, 'grad_norm': 0.044797658920288086, 'learning_rate': 1.9339957416607524e-05, 'epoch': 0.61}
{'loss': 0.4584, 'grad_norm': 0.046395692974328995, 'learning_rate': 1.9268985095812634e-05, 'epoch': 0.61}
{'loss': 0.4634, 'grad_norm': 0.06225326657295227, 'learning_rate': 1.9198012775017743e-05, 'epoch': 0.62}
{'loss': 0.4733, 'grad_norm': 0.06484193354845047, 'learning_rate': 1.9127040454222852e-05, 'epoch': 0.62}
{'loss': 0.4536, 'grad_norm': 0.05158165097236633, 'learning_rate': 1.9056068133427965e-05, 'epoch': 0.62}
{'loss': 0.4437, 'grad_norm': 0.06000632047653198, 'learning_rate': 1.8985095812633074e-05, 'epoch': 0.62}
{'loss': 0.4466, 'grad_norm': 0.0587196983397007, 'learning_rate': 1.8914123491838184e-05, 'epoch': 0.62}
{'loss': 0.4654, 'grad_norm': 0.052581340074539185, 'learning_rate': 1.8843151171043293e-05, 'epoch': 0.62}
{'loss': 0.4439, 'grad_norm': 0.056964751332998276, 'learning_rate': 1.8772178850248402e-05, 'epoch': 0.62}
{'loss': 0.4396, 'grad_norm': 0.05037560313940048, 'learning_rate': 1.870120652945351e-05, 'epoch': 0.63}
{'loss': 0.4356, 'grad_norm': 0.051719363778829575, 'learning_rate': 1.8630234208658624e-05, 'epoch': 0.63}
{'loss': 0.4863, 'grad_norm': 0.059769414365291595, 'learning_rate': 1.8559261887863734e-05, 'epoch': 0.63}
{'loss': 0.4561, 'grad_norm': 0.06782949715852737, 'learning_rate': 1.8488289567068846e-05, 'epoch': 0.63}
{'loss': 0.4265, 'grad_norm': 0.03940854221582413, 'learning_rate': 1.8417317246273956e-05, 'epoch': 0.63}
{'loss': 0.4357, 'grad_norm': 0.046705543994903564, 'learning_rate': 1.8346344925479065e-05, 'epoch': 0.63}
{'loss': 0.4438, 'grad_norm': 0.06446339190006256, 'learning_rate': 1.8275372604684174e-05, 'epoch': 0.63}
{'loss': 0.4921, 'grad_norm': 0.051759589463472366, 'learning_rate': 1.8204400283889284e-05, 'epoch': 0.64}
{'loss': 0.4556, 'grad_norm': 0.07087063044309616, 'learning_rate': 1.8133427963094393e-05, 'epoch': 0.64}
{'loss': 0.4433, 'grad_norm': 0.043592359870672226, 'learning_rate': 1.8062455642299502e-05, 'epoch': 0.64}
{'loss': 0.4416, 'grad_norm': 0.04923698678612709, 'learning_rate': 1.7991483321504615e-05, 'epoch': 0.64}
{'loss': 0.4255, 'grad_norm': 0.05644949898123741, 'learning_rate': 1.7920511000709725e-05, 'epoch': 0.64}
{'loss': 0.4847, 'grad_norm': 0.05539413169026375, 'learning_rate': 1.7849538679914834e-05, 'epoch': 0.64}
{'loss': 0.4432, 'grad_norm': 0.053361646831035614, 'learning_rate': 1.7778566359119943e-05, 'epoch': 0.64}
{'loss': 0.4422, 'grad_norm': 0.04773338884115219, 'learning_rate': 1.7707594038325053e-05, 'epoch': 0.65}
{'loss': 0.4354, 'grad_norm': 0.065182164311409, 'learning_rate': 1.7636621717530162e-05, 'epoch': 0.65}
{'loss': 0.4545, 'grad_norm': 0.06222428381443024, 'learning_rate': 1.7565649396735275e-05, 'epoch': 0.65}
{'loss': 0.4615, 'grad_norm': 0.04755258932709694, 'learning_rate': 1.7494677075940384e-05, 'epoch': 0.65}
{'loss': 0.4698, 'grad_norm': 0.0571991465985775, 'learning_rate': 1.7423704755145497e-05, 'epoch': 0.65}
{'loss': 0.4586, 'grad_norm': 0.0681782215833664, 'learning_rate': 1.7352732434350606e-05, 'epoch': 0.65}
{'loss': 0.4549, 'grad_norm': 0.053451865911483765, 'learning_rate': 1.7281760113555715e-05, 'epoch': 0.65}
{'loss': 0.4487, 'grad_norm': 0.06068925932049751, 'learning_rate': 1.7210787792760825e-05, 'epoch': 0.66}
{'loss': 0.4623, 'grad_norm': 0.06321161985397339, 'learning_rate': 1.7139815471965934e-05, 'epoch': 0.66}
{'loss': 0.4581, 'grad_norm': 0.04820382967591286, 'learning_rate': 1.7068843151171043e-05, 'epoch': 0.66}
{'loss': 0.4586, 'grad_norm': 0.05050018057227135, 'learning_rate': 1.6997870830376153e-05, 'epoch': 0.66}
{'loss': 0.4464, 'grad_norm': 0.05385065823793411, 'learning_rate': 1.6926898509581265e-05, 'epoch': 0.66}
{'loss': 0.4538, 'grad_norm': 0.04828659072518349, 'learning_rate': 1.6855926188786375e-05, 'epoch': 0.66}
{'loss': 0.446, 'grad_norm': 0.061692215502262115, 'learning_rate': 1.6784953867991484e-05, 'epoch': 0.66}
{'loss': 0.4288, 'grad_norm': 0.05835284665226936, 'learning_rate': 1.6713981547196593e-05, 'epoch': 0.67}
{'loss': 0.4484, 'grad_norm': 0.05596662685275078, 'learning_rate': 1.6643009226401703e-05, 'epoch': 0.67}
{'loss': 0.46, 'grad_norm': 0.052643220871686935, 'learning_rate': 1.6572036905606812e-05, 'epoch': 0.67}
{'loss': 0.4556, 'grad_norm': 0.05552921071648598, 'learning_rate': 1.6501064584811925e-05, 'epoch': 0.67}
{'loss': 0.4416, 'grad_norm': 0.04657197743654251, 'learning_rate': 1.6430092264017034e-05, 'epoch': 0.67}
{'loss': 0.4626, 'grad_norm': 0.06403086334466934, 'learning_rate': 1.6359119943222147e-05, 'epoch': 0.67}
{'loss': 0.4426, 'grad_norm': 0.046092208474874496, 'learning_rate': 1.6288147622427256e-05, 'epoch': 0.67}
{'loss': 0.4863, 'grad_norm': 0.05756388604640961, 'learning_rate': 1.6217175301632366e-05, 'epoch': 0.68}
{'loss': 0.4261, 'grad_norm': 0.050751324743032455, 'learning_rate': 1.6146202980837475e-05, 'epoch': 0.68}
{'loss': 0.466, 'grad_norm': 0.05635519698262215, 'learning_rate': 1.6075230660042584e-05, 'epoch': 0.68}
{'loss': 0.4371, 'grad_norm': 0.055350955575704575, 'learning_rate': 1.6004258339247694e-05, 'epoch': 0.68}
{'loss': 0.4572, 'grad_norm': 0.058511048555374146, 'learning_rate': 1.5933286018452803e-05, 'epoch': 0.68}
{'loss': 0.415, 'grad_norm': 0.04367068037390709, 'learning_rate': 1.5862313697657912e-05, 'epoch': 0.68}
{'loss': 0.4478, 'grad_norm': 0.06868301331996918, 'learning_rate': 1.5791341376863025e-05, 'epoch': 0.68}
{'loss': 0.4522, 'grad_norm': 0.048843659460544586, 'learning_rate': 1.5720369056068134e-05, 'epoch': 0.69}
{'loss': 0.4492, 'grad_norm': 0.054859012365341187, 'learning_rate': 1.5649396735273244e-05, 'epoch': 0.69}
{'loss': 0.4376, 'grad_norm': 0.04222466051578522, 'learning_rate': 1.5578424414478353e-05, 'epoch': 0.69}
{'loss': 0.4431, 'grad_norm': 0.04685430973768234, 'learning_rate': 1.5507452093683462e-05, 'epoch': 0.69}
{'loss': 0.4534, 'grad_norm': 0.05403835326433182, 'learning_rate': 1.5436479772888575e-05, 'epoch': 0.69}
{'loss': 0.4583, 'grad_norm': 0.06387963891029358, 'learning_rate': 1.5365507452093684e-05, 'epoch': 0.69}
{'loss': 0.4498, 'grad_norm': 0.04587136581540108, 'learning_rate': 1.5294535131298797e-05, 'epoch': 0.69}
{'loss': 0.4733, 'grad_norm': 0.050889790058135986, 'learning_rate': 1.5223562810503905e-05, 'epoch': 0.7}
{'loss': 0.4424, 'grad_norm': 0.06822589784860611, 'learning_rate': 1.5152590489709014e-05, 'epoch': 0.7}
{'loss': 0.4422, 'grad_norm': 0.06711629778146744, 'learning_rate': 1.5081618168914125e-05, 'epoch': 0.7}
{'loss': 0.4048, 'grad_norm': 0.05405523255467415, 'learning_rate': 1.5010645848119234e-05, 'epoch': 0.7}
{'eval_loss': 0.6156995892524719, 'eval_sacrebleu_score': 8.790609050744807, 'eval_sacrebleu_counts': [17875, 9393, 5518, 3385], 'eval_sacrebleu_totals': [30728, 29644, 28560, 27476], 'eval_sacrebleu_precisions': [58.171700078104664, 31.686007286466065, 19.320728291316527, 12.319842771873635], 'eval_sacrebleu_bp': 0.34155998261521286, 'eval_sacrebleu_sys_len': 30728, 'eval_sacrebleu_ref_len': 63737, 'eval_rouge_rouge1': 0.1958906154354027, 'eval_rouge_rouge2': 0.10852371059911911, 'eval_rouge_rougeL': 0.17763055851788578, 'eval_rouge_rougeLsum': 0.17746712423168942, 'eval_meteor_meteor': 0.1857379721377163, 'eval_runtime': 133.9257, 'eval_samples_per_second': 22.4, 'eval_steps_per_second': 1.404, 'epoch': 0.7}
{'loss': 0.4592, 'grad_norm': 0.052492428570985794, 'learning_rate': 1.4939673527324344e-05, 'epoch': 0.7}
{'loss': 0.4408, 'grad_norm': 0.04544030502438545, 'learning_rate': 1.4868701206529453e-05, 'epoch': 0.7}
{'loss': 0.4597, 'grad_norm': 0.050544481724500656, 'learning_rate': 1.4797728885734563e-05, 'epoch': 0.7}
{'loss': 0.4581, 'grad_norm': 0.04410620778799057, 'learning_rate': 1.4726756564939675e-05, 'epoch': 0.71}
{'loss': 0.456, 'grad_norm': 0.06471533328294754, 'learning_rate': 1.4655784244144785e-05, 'epoch': 0.71}
{'loss': 0.4424, 'grad_norm': 0.05137152597308159, 'learning_rate': 1.4584811923349896e-05, 'epoch': 0.71}
{'loss': 0.4776, 'grad_norm': 0.05714789032936096, 'learning_rate': 1.4513839602555005e-05, 'epoch': 0.71}
{'loss': 0.4598, 'grad_norm': 0.061320558190345764, 'learning_rate': 1.4442867281760114e-05, 'epoch': 0.71}
{'loss': 0.4439, 'grad_norm': 0.04287700727581978, 'learning_rate': 1.4371894960965224e-05, 'epoch': 0.71}
{'loss': 0.4436, 'grad_norm': 0.05196816474199295, 'learning_rate': 1.4300922640170333e-05, 'epoch': 0.71}
{'loss': 0.4593, 'grad_norm': 0.05755377188324928, 'learning_rate': 1.4229950319375442e-05, 'epoch': 0.72}
{'loss': 0.4338, 'grad_norm': 0.05920975282788277, 'learning_rate': 1.4158977998580555e-05, 'epoch': 0.72}
{'loss': 0.4344, 'grad_norm': 0.04822061210870743, 'learning_rate': 1.4088005677785664e-05, 'epoch': 0.72}
{'loss': 0.4397, 'grad_norm': 0.04837864637374878, 'learning_rate': 1.4017033356990775e-05, 'epoch': 0.72}
{'loss': 0.4367, 'grad_norm': 0.05892935395240784, 'learning_rate': 1.3946061036195885e-05, 'epoch': 0.72}
{'loss': 0.4417, 'grad_norm': 0.04635324701666832, 'learning_rate': 1.3875088715400994e-05, 'epoch': 0.72}
{'loss': 0.4553, 'grad_norm': 0.04772947356104851, 'learning_rate': 1.3804116394606103e-05, 'epoch': 0.72}
{'loss': 0.4652, 'grad_norm': 0.05549246445298195, 'learning_rate': 1.3733144073811213e-05, 'epoch': 0.73}
{'loss': 0.4231, 'grad_norm': 0.056876037269830704, 'learning_rate': 1.3662171753016322e-05, 'epoch': 0.73}
{'loss': 0.4594, 'grad_norm': 0.06663297116756439, 'learning_rate': 1.3591199432221435e-05, 'epoch': 0.73}
{'loss': 0.4572, 'grad_norm': 0.05604524165391922, 'learning_rate': 1.3520227111426544e-05, 'epoch': 0.73}
{'loss': 0.4449, 'grad_norm': 0.05406304821372032, 'learning_rate': 1.3449254790631655e-05, 'epoch': 0.73}
{'loss': 0.4699, 'grad_norm': 0.04877066984772682, 'learning_rate': 1.3378282469836764e-05, 'epoch': 0.73}
{'loss': 0.4282, 'grad_norm': 0.05783342197537422, 'learning_rate': 1.3307310149041874e-05, 'epoch': 0.73}
{'loss': 0.4132, 'grad_norm': 0.05431903153657913, 'learning_rate': 1.3236337828246983e-05, 'epoch': 0.74}
{'loss': 0.4506, 'grad_norm': 0.050273265689611435, 'learning_rate': 1.3165365507452093e-05, 'epoch': 0.74}
{'loss': 0.4683, 'grad_norm': 0.05123294144868851, 'learning_rate': 1.3094393186657205e-05, 'epoch': 0.74}
{'loss': 0.4401, 'grad_norm': 0.047221649438142776, 'learning_rate': 1.3023420865862315e-05, 'epoch': 0.74}
{'loss': 0.4605, 'grad_norm': 0.05540153384208679, 'learning_rate': 1.2952448545067426e-05, 'epoch': 0.74}
{'loss': 0.4228, 'grad_norm': 0.07181786000728607, 'learning_rate': 1.2881476224272535e-05, 'epoch': 0.74}
{'loss': 0.4904, 'grad_norm': 0.06714532524347305, 'learning_rate': 1.2810503903477644e-05, 'epoch': 0.74}
{'loss': 0.4525, 'grad_norm': 0.04514744505286217, 'learning_rate': 1.2739531582682754e-05, 'epoch': 0.75}
{'loss': 0.4172, 'grad_norm': 0.04903769493103027, 'learning_rate': 1.2668559261887863e-05, 'epoch': 0.75}
{'loss': 0.4632, 'grad_norm': 0.048650480806827545, 'learning_rate': 1.2597586941092972e-05, 'epoch': 0.75}
{'loss': 0.4653, 'grad_norm': 0.054810989648103714, 'learning_rate': 1.2526614620298085e-05, 'epoch': 0.75}
{'loss': 0.4372, 'grad_norm': 0.059693872928619385, 'learning_rate': 1.2455642299503194e-05, 'epoch': 0.75}
{'loss': 0.4668, 'grad_norm': 0.05105634406208992, 'learning_rate': 1.2384669978708305e-05, 'epoch': 0.75}
{'loss': 0.4472, 'grad_norm': 0.05572015047073364, 'learning_rate': 1.2313697657913415e-05, 'epoch': 0.75}
{'loss': 0.4422, 'grad_norm': 0.048556070774793625, 'learning_rate': 1.2242725337118524e-05, 'epoch': 0.76}
{'loss': 0.4719, 'grad_norm': 0.06851664185523987, 'learning_rate': 1.2171753016323633e-05, 'epoch': 0.76}
{'loss': 0.439, 'grad_norm': 0.052756816148757935, 'learning_rate': 1.2100780695528744e-05, 'epoch': 0.76}
{'loss': 0.4669, 'grad_norm': 0.05726315826177597, 'learning_rate': 1.2029808374733854e-05, 'epoch': 0.76}
{'loss': 0.4893, 'grad_norm': 0.05603755638003349, 'learning_rate': 1.1958836053938965e-05, 'epoch': 0.76}
{'loss': 0.4529, 'grad_norm': 0.059493403881788254, 'learning_rate': 1.1887863733144074e-05, 'epoch': 0.76}
{'loss': 0.4467, 'grad_norm': 0.07725086063146591, 'learning_rate': 1.1816891412349185e-05, 'epoch': 0.76}
{'loss': 0.4648, 'grad_norm': 0.06333202868700027, 'learning_rate': 1.1745919091554295e-05, 'epoch': 0.77}
{'loss': 0.4835, 'grad_norm': 0.0533442348241806, 'learning_rate': 1.1674946770759404e-05, 'epoch': 0.77}
{'loss': 0.4552, 'grad_norm': 0.049260757863521576, 'learning_rate': 1.1603974449964515e-05, 'epoch': 0.77}
{'loss': 0.4401, 'grad_norm': 0.040516532957553864, 'learning_rate': 1.1533002129169624e-05, 'epoch': 0.77}
{'loss': 0.4457, 'grad_norm': 0.0520038865506649, 'learning_rate': 1.1462029808374734e-05, 'epoch': 0.77}
{'loss': 0.4575, 'grad_norm': 0.053160130977630615, 'learning_rate': 1.1391057487579845e-05, 'epoch': 0.77}
{'loss': 0.4614, 'grad_norm': 0.06577073037624359, 'learning_rate': 1.1320085166784956e-05, 'epoch': 0.77}
{'loss': 0.4669, 'grad_norm': 0.05217091366648674, 'learning_rate': 1.1249112845990065e-05, 'epoch': 0.78}
{'loss': 0.4548, 'grad_norm': 0.05947369709610939, 'learning_rate': 1.1178140525195174e-05, 'epoch': 0.78}
{'loss': 0.4847, 'grad_norm': 0.062253545969724655, 'learning_rate': 1.1107168204400284e-05, 'epoch': 0.78}
{'loss': 0.4494, 'grad_norm': 0.05745544284582138, 'learning_rate': 1.1036195883605395e-05, 'epoch': 0.78}
{'loss': 0.4845, 'grad_norm': 0.05553879961371422, 'learning_rate': 1.0965223562810504e-05, 'epoch': 0.78}
{'loss': 0.4505, 'grad_norm': 0.06845462322235107, 'learning_rate': 1.0894251242015615e-05, 'epoch': 0.78}
{'loss': 0.4367, 'grad_norm': 0.07078283280134201, 'learning_rate': 1.0823278921220724e-05, 'epoch': 0.78}
{'loss': 0.4565, 'grad_norm': 0.05094663426280022, 'learning_rate': 1.0752306600425835e-05, 'epoch': 0.78}
{'loss': 0.4684, 'grad_norm': 0.06687507778406143, 'learning_rate': 1.0681334279630945e-05, 'epoch': 0.79}
{'loss': 0.4794, 'grad_norm': 0.056292515248060226, 'learning_rate': 1.0610361958836054e-05, 'epoch': 0.79}
{'loss': 0.4664, 'grad_norm': 0.05271323025226593, 'learning_rate': 1.0539389638041163e-05, 'epoch': 0.79}
{'loss': 0.4486, 'grad_norm': 0.054551076143980026, 'learning_rate': 1.0468417317246274e-05, 'epoch': 0.79}
{'loss': 0.4558, 'grad_norm': 0.05057371035218239, 'learning_rate': 1.0397444996451384e-05, 'epoch': 0.79}
{'loss': 0.4555, 'grad_norm': 0.058726564049720764, 'learning_rate': 1.0326472675656495e-05, 'epoch': 0.79}
{'loss': 0.4447, 'grad_norm': 0.061402808874845505, 'learning_rate': 1.0255500354861604e-05, 'epoch': 0.79}
{'loss': 0.4701, 'grad_norm': 0.05405370146036148, 'learning_rate': 1.0184528034066715e-05, 'epoch': 0.8}
{'loss': 0.4298, 'grad_norm': 0.04904993250966072, 'learning_rate': 1.0113555713271825e-05, 'epoch': 0.8}
{'loss': 0.4713, 'grad_norm': 0.05296487733721733, 'learning_rate': 1.0042583392476934e-05, 'epoch': 0.8}
{'loss': 0.4376, 'grad_norm': 0.07742180675268173, 'learning_rate': 9.971611071682045e-06, 'epoch': 0.8}
{'eval_loss': 0.6155499219894409, 'eval_sacrebleu_score': 9.313917266391762, 'eval_sacrebleu_counts': [18419, 9652, 5643, 3455], 'eval_sacrebleu_totals': [31702, 30578, 29454, 28330], 'eval_sacrebleu_precisions': [58.100435303766325, 31.56517757865132, 19.158688123854144, 12.195552417931522], 'eval_sacrebleu_bp': 0.36403543428594143, 'eval_sacrebleu_sys_len': 31702, 'eval_sacrebleu_ref_len': 63737, 'eval_rouge_rouge1': 0.20374792163542432, 'eval_rouge_rouge2': 0.11261660975398072, 'eval_rouge_rougeL': 0.1843573756918544, 'eval_rouge_rougeLsum': 0.1842089941965942, 'eval_meteor_meteor': 0.19296420348621648, 'eval_runtime': 133.6236, 'eval_samples_per_second': 22.451, 'eval_steps_per_second': 1.407, 'epoch': 0.8}
{'loss': 0.4716, 'grad_norm': 0.05941014736890793, 'learning_rate': 9.900638750887154e-06, 'epoch': 0.8}
{'loss': 0.4563, 'grad_norm': 0.05480252951383591, 'learning_rate': 9.829666430092265e-06, 'epoch': 0.8}
{'loss': 0.434, 'grad_norm': 0.04579056426882744, 'learning_rate': 9.758694109297375e-06, 'epoch': 0.8}
{'loss': 0.4397, 'grad_norm': 0.05815761536359787, 'learning_rate': 9.687721788502486e-06, 'epoch': 0.81}
{'loss': 0.4757, 'grad_norm': 0.05602189525961876, 'learning_rate': 9.616749467707595e-06, 'epoch': 0.81}
{'loss': 0.4648, 'grad_norm': 0.053402647376060486, 'learning_rate': 9.545777146912704e-06, 'epoch': 0.81}
{'loss': 0.461, 'grad_norm': 0.053957656025886536, 'learning_rate': 9.474804826117814e-06, 'epoch': 0.81}
{'loss': 0.4321, 'grad_norm': 0.056632936000823975, 'learning_rate': 9.403832505322925e-06, 'epoch': 0.81}
{'loss': 0.4637, 'grad_norm': 0.048597946763038635, 'learning_rate': 9.332860184528034e-06, 'epoch': 0.81}
{'loss': 0.4745, 'grad_norm': 0.058424171060323715, 'learning_rate': 9.261887863733145e-06, 'epoch': 0.81}
{'loss': 0.4434, 'grad_norm': 0.056359387934207916, 'learning_rate': 9.190915542938254e-06, 'epoch': 0.82}
{'loss': 0.424, 'grad_norm': 0.04761166125535965, 'learning_rate': 9.119943222143365e-06, 'epoch': 0.82}
{'loss': 0.4452, 'grad_norm': 0.05095969885587692, 'learning_rate': 9.048970901348475e-06, 'epoch': 0.82}
{'loss': 0.4635, 'grad_norm': 0.05629003047943115, 'learning_rate': 8.977998580553584e-06, 'epoch': 0.82}
{'loss': 0.4758, 'grad_norm': 0.057535670697689056, 'learning_rate': 8.907026259758693e-06, 'epoch': 0.82}
{'loss': 0.4542, 'grad_norm': 0.04919800907373428, 'learning_rate': 8.836053938963804e-06, 'epoch': 0.82}
{'loss': 0.4603, 'grad_norm': 0.060176387429237366, 'learning_rate': 8.765081618168915e-06, 'epoch': 0.82}
{'loss': 0.482, 'grad_norm': 0.06090128794312477, 'learning_rate': 8.694109297374025e-06, 'epoch': 0.83}
{'loss': 0.4173, 'grad_norm': 0.05590515583753586, 'learning_rate': 8.623136976579134e-06, 'epoch': 0.83}
{'loss': 0.4087, 'grad_norm': 0.05057944729924202, 'learning_rate': 8.552164655784245e-06, 'epoch': 0.83}
{'loss': 0.4472, 'grad_norm': 0.06040060520172119, 'learning_rate': 8.481192334989355e-06, 'epoch': 0.83}
{'loss': 0.4455, 'grad_norm': 0.05369288846850395, 'learning_rate': 8.410220014194464e-06, 'epoch': 0.83}
{'loss': 0.4627, 'grad_norm': 0.07191527634859085, 'learning_rate': 8.339247693399573e-06, 'epoch': 0.83}
{'loss': 0.4425, 'grad_norm': 0.05228126049041748, 'learning_rate': 8.268275372604684e-06, 'epoch': 0.83}
{'loss': 0.4727, 'grad_norm': 0.05855559930205345, 'learning_rate': 8.197303051809795e-06, 'epoch': 0.84}
{'loss': 0.4488, 'grad_norm': 0.0502784363925457, 'learning_rate': 8.126330731014905e-06, 'epoch': 0.84}
{'loss': 0.4307, 'grad_norm': 0.05405998229980469, 'learning_rate': 8.055358410220016e-06, 'epoch': 0.84}
{'loss': 0.4716, 'grad_norm': 0.060069795697927475, 'learning_rate': 7.984386089425125e-06, 'epoch': 0.84}
{'loss': 0.4348, 'grad_norm': 0.04555277153849602, 'learning_rate': 7.913413768630234e-06, 'epoch': 0.84}
{'loss': 0.461, 'grad_norm': 0.053495172411203384, 'learning_rate': 7.842441447835344e-06, 'epoch': 0.84}
{'loss': 0.4385, 'grad_norm': 0.04862113296985626, 'learning_rate': 7.771469127040455e-06, 'epoch': 0.84}
{'loss': 0.4556, 'grad_norm': 0.054004792124032974, 'learning_rate': 7.700496806245564e-06, 'epoch': 0.85}
{'loss': 0.4626, 'grad_norm': 0.05839807540178299, 'learning_rate': 7.629524485450675e-06, 'epoch': 0.85}
{'loss': 0.4693, 'grad_norm': 0.055489782243967056, 'learning_rate': 7.558552164655784e-06, 'epoch': 0.85}
{'loss': 0.4716, 'grad_norm': 0.05101478099822998, 'learning_rate': 7.4875798438608954e-06, 'epoch': 0.85}
{'loss': 0.448, 'grad_norm': 0.04774383828043938, 'learning_rate': 7.416607523066005e-06, 'epoch': 0.85}
{'loss': 0.4541, 'grad_norm': 0.06127075105905533, 'learning_rate': 7.345635202271114e-06, 'epoch': 0.85}
{'loss': 0.4734, 'grad_norm': 0.06691190600395203, 'learning_rate': 7.274662881476224e-06, 'epoch': 0.85}
{'loss': 0.4654, 'grad_norm': 0.060057383030653, 'learning_rate': 7.203690560681335e-06, 'epoch': 0.86}
{'loss': 0.4632, 'grad_norm': 0.0645366683602333, 'learning_rate': 7.132718239886445e-06, 'epoch': 0.86}
{'loss': 0.4564, 'grad_norm': 0.06504321843385696, 'learning_rate': 7.061745919091555e-06, 'epoch': 0.86}
{'loss': 0.4413, 'grad_norm': 0.056835733354091644, 'learning_rate': 6.990773598296664e-06, 'epoch': 0.86}
{'loss': 0.4453, 'grad_norm': 0.05637459084391594, 'learning_rate': 6.919801277501775e-06, 'epoch': 0.86}
{'loss': 0.4639, 'grad_norm': 0.05894105136394501, 'learning_rate': 6.8488289567068845e-06, 'epoch': 0.86}
{'loss': 0.4697, 'grad_norm': 0.06261837482452393, 'learning_rate': 6.777856635911995e-06, 'epoch': 0.86}
{'loss': 0.4397, 'grad_norm': 0.05190792307257652, 'learning_rate': 6.706884315117104e-06, 'epoch': 0.87}
{'loss': 0.4374, 'grad_norm': 0.054255977272987366, 'learning_rate': 6.635911994322215e-06, 'epoch': 0.87}
{'loss': 0.4286, 'grad_norm': 0.05446619167923927, 'learning_rate': 6.5649396735273244e-06, 'epoch': 0.87}
{'loss': 0.4649, 'grad_norm': 0.06249156594276428, 'learning_rate': 6.493967352732435e-06, 'epoch': 0.87}
{'loss': 0.4627, 'grad_norm': 0.051299087703228, 'learning_rate': 6.422995031937544e-06, 'epoch': 0.87}
{'loss': 0.4345, 'grad_norm': 0.051562439650297165, 'learning_rate': 6.352022711142655e-06, 'epoch': 0.87}
{'loss': 0.4674, 'grad_norm': 0.05582024157047272, 'learning_rate': 6.281050390347764e-06, 'epoch': 0.87}
{'loss': 0.4458, 'grad_norm': 0.05650350823998451, 'learning_rate': 6.210078069552875e-06, 'epoch': 0.88}
{'loss': 0.4372, 'grad_norm': 0.060195229947566986, 'learning_rate': 6.139105748757985e-06, 'epoch': 0.88}
{'loss': 0.4698, 'grad_norm': 0.0611557736992836, 'learning_rate': 6.068133427963095e-06, 'epoch': 0.88}
{'loss': 0.4629, 'grad_norm': 0.045521628111600876, 'learning_rate': 5.997161107168204e-06, 'epoch': 0.88}
{'loss': 0.4404, 'grad_norm': 0.058486003428697586, 'learning_rate': 5.926188786373315e-06, 'epoch': 0.88}
{'loss': 0.4716, 'grad_norm': 0.0465962253510952, 'learning_rate': 5.855216465578425e-06, 'epoch': 0.88}
{'loss': 0.4684, 'grad_norm': 0.062231358140707016, 'learning_rate': 5.784244144783535e-06, 'epoch': 0.88}
{'loss': 0.4532, 'grad_norm': 0.04708542302250862, 'learning_rate': 5.713271823988645e-06, 'epoch': 0.89}
{'loss': 0.4327, 'grad_norm': 0.04876553639769554, 'learning_rate': 5.642299503193755e-06, 'epoch': 0.89}
{'loss': 0.4323, 'grad_norm': 0.05123566463589668, 'learning_rate': 5.5713271823988645e-06, 'epoch': 0.89}
{'loss': 0.4562, 'grad_norm': 0.05406215414404869, 'learning_rate': 5.500354861603975e-06, 'epoch': 0.89}
{'loss': 0.4296, 'grad_norm': 0.05291023105382919, 'learning_rate': 5.429382540809085e-06, 'epoch': 0.89}
{'loss': 0.46, 'grad_norm': 0.04660484939813614, 'learning_rate': 5.358410220014195e-06, 'epoch': 0.89}
{'loss': 0.4647, 'grad_norm': 0.048843901604413986, 'learning_rate': 5.287437899219304e-06, 'epoch': 0.89}
{'loss': 0.4359, 'grad_norm': 0.05063718184828758, 'learning_rate': 5.2164655784244146e-06, 'epoch': 0.9}
{'loss': 0.4612, 'grad_norm': 0.06180169805884361, 'learning_rate': 5.145493257629525e-06, 'epoch': 0.9}
{'loss': 0.4614, 'grad_norm': 0.05385494977235794, 'learning_rate': 5.074520936834635e-06, 'epoch': 0.9}
{'loss': 0.4826, 'grad_norm': 0.070652537047863, 'learning_rate': 5.003548616039744e-06, 'epoch': 0.9}
{'eval_loss': 0.6155797839164734, 'eval_sacrebleu_score': 9.401333659468634, 'eval_sacrebleu_counts': [18492, 9679, 5679, 3480], 'eval_sacrebleu_totals': [31833, 30702, 29571, 28441], 'eval_sacrebleu_precisions': [58.0906606351899, 31.52563350921764, 19.20462615400223, 12.235856685770543], 'eval_sacrebleu_bp': 0.3670598409546972, 'eval_sacrebleu_sys_len': 31833, 'eval_sacrebleu_ref_len': 63737, 'eval_rouge_rouge1': 0.20464870602417684, 'eval_rouge_rouge2': 0.11296151856160211, 'eval_rouge_rougeL': 0.18516934932821957, 'eval_rouge_rougeLsum': 0.18504191047340218, 'eval_meteor_meteor': 0.19325245538134136, 'eval_runtime': 134.1307, 'eval_samples_per_second': 22.366, 'eval_steps_per_second': 1.402, 'epoch': 0.9}
{'loss': 0.4651, 'grad_norm': 0.04969422146677971, 'learning_rate': 4.9325762952448544e-06, 'epoch': 0.9}
{'loss': 0.4612, 'grad_norm': 0.05362887680530548, 'learning_rate': 4.861603974449965e-06, 'epoch': 0.9}
{'loss': 0.4752, 'grad_norm': 0.06574154645204544, 'learning_rate': 4.790631653655075e-06, 'epoch': 0.9}
{'loss': 0.4731, 'grad_norm': 0.05416036769747734, 'learning_rate': 4.719659332860184e-06, 'epoch': 0.91}
{'loss': 0.4559, 'grad_norm': 0.04653408005833626, 'learning_rate': 4.648687012065295e-06, 'epoch': 0.91}
{'loss': 0.4403, 'grad_norm': 0.05557882785797119, 'learning_rate': 4.5777146912704045e-06, 'epoch': 0.91}
{'loss': 0.4478, 'grad_norm': 0.04540150240063667, 'learning_rate': 4.506742370475515e-06, 'epoch': 0.91}
{'loss': 0.4798, 'grad_norm': 0.06198228523135185, 'learning_rate': 4.435770049680625e-06, 'epoch': 0.91}
{'loss': 0.4557, 'grad_norm': 0.051509127020835876, 'learning_rate': 4.364797728885735e-06, 'epoch': 0.91}
{'loss': 0.4162, 'grad_norm': 0.04478929936885834, 'learning_rate': 4.293825408090845e-06, 'epoch': 0.91}
{'loss': 0.4556, 'grad_norm': 0.06034363806247711, 'learning_rate': 4.222853087295955e-06, 'epoch': 0.92}
{'loss': 0.4518, 'grad_norm': 0.05362324416637421, 'learning_rate': 4.151880766501065e-06, 'epoch': 0.92}
{'loss': 0.4354, 'grad_norm': 0.047974471002817154, 'learning_rate': 4.080908445706175e-06, 'epoch': 0.92}
{'loss': 0.464, 'grad_norm': 0.06091361120343208, 'learning_rate': 4.009936124911285e-06, 'epoch': 0.92}
{'loss': 0.4146, 'grad_norm': 0.056691043078899384, 'learning_rate': 3.9389638041163945e-06, 'epoch': 0.92}
{'loss': 0.4414, 'grad_norm': 0.0557805560529232, 'learning_rate': 3.867991483321505e-06, 'epoch': 0.92}
{'loss': 0.4283, 'grad_norm': 0.06038806587457657, 'learning_rate': 3.797019162526615e-06, 'epoch': 0.92}
{'loss': 0.4417, 'grad_norm': 0.05230480432510376, 'learning_rate': 3.726046841731725e-06, 'epoch': 0.93}
{'loss': 0.4692, 'grad_norm': 0.057512808591127396, 'learning_rate': 3.655074520936835e-06, 'epoch': 0.93}
{'loss': 0.4459, 'grad_norm': 0.04738008975982666, 'learning_rate': 3.584102200141945e-06, 'epoch': 0.93}
{'loss': 0.4165, 'grad_norm': 0.043788470327854156, 'learning_rate': 3.5131298793470548e-06, 'epoch': 0.93}
{'loss': 0.4736, 'grad_norm': 0.06097405403852463, 'learning_rate': 3.442157558552165e-06, 'epoch': 0.93}
{'loss': 0.4884, 'grad_norm': 0.0519823282957077, 'learning_rate': 3.3711852377572747e-06, 'epoch': 0.93}
{'loss': 0.4483, 'grad_norm': 0.061567723751068115, 'learning_rate': 3.300212916962385e-06, 'epoch': 0.93}
{'loss': 0.4421, 'grad_norm': 0.049217820167541504, 'learning_rate': 3.2292405961674946e-06, 'epoch': 0.94}
{'loss': 0.4287, 'grad_norm': 0.04559057950973511, 'learning_rate': 3.158268275372605e-06, 'epoch': 0.94}
{'loss': 0.457, 'grad_norm': 0.054813701659440994, 'learning_rate': 3.087295954577715e-06, 'epoch': 0.94}
{'loss': 0.4689, 'grad_norm': 0.07210051268339157, 'learning_rate': 3.0163236337828248e-06, 'epoch': 0.94}
{'loss': 0.452, 'grad_norm': 0.05336723476648331, 'learning_rate': 2.945351312987935e-06, 'epoch': 0.94}
{'loss': 0.4396, 'grad_norm': 0.04550015181303024, 'learning_rate': 2.8743789921930447e-06, 'epoch': 0.94}
{'loss': 0.4292, 'grad_norm': 0.054558850824832916, 'learning_rate': 2.803406671398155e-06, 'epoch': 0.94}
{'loss': 0.4621, 'grad_norm': 0.0482674278318882, 'learning_rate': 2.7324343506032647e-06, 'epoch': 0.95}
{'loss': 0.4435, 'grad_norm': 0.0691918358206749, 'learning_rate': 2.661462029808375e-06, 'epoch': 0.95}
{'loss': 0.4355, 'grad_norm': 0.05373944342136383, 'learning_rate': 2.590489709013485e-06, 'epoch': 0.95}
{'loss': 0.4583, 'grad_norm': 0.04756079241633415, 'learning_rate': 2.519517388218595e-06, 'epoch': 0.95}
{'loss': 0.4614, 'grad_norm': 0.05032302066683769, 'learning_rate': 2.448545067423705e-06, 'epoch': 0.95}
{'loss': 0.4411, 'grad_norm': 0.05112288519740105, 'learning_rate': 2.3775727466288147e-06, 'epoch': 0.95}
{'loss': 0.4434, 'grad_norm': 0.06343325972557068, 'learning_rate': 2.306600425833925e-06, 'epoch': 0.95}
{'loss': 0.4771, 'grad_norm': 0.052023448050022125, 'learning_rate': 2.2356281050390347e-06, 'epoch': 0.96}
{'loss': 0.4598, 'grad_norm': 0.05026695132255554, 'learning_rate': 2.164655784244145e-06, 'epoch': 0.96}
{'loss': 0.4407, 'grad_norm': 0.052335597574710846, 'learning_rate': 2.0936834634492546e-06, 'epoch': 0.96}
{'loss': 0.4885, 'grad_norm': 0.06103834509849548, 'learning_rate': 2.022711142654365e-06, 'epoch': 0.96}
{'loss': 0.4667, 'grad_norm': 0.05198228359222412, 'learning_rate': 1.9517388218594746e-06, 'epoch': 0.96}
{'loss': 0.4235, 'grad_norm': 0.04968756437301636, 'learning_rate': 1.8807665010645848e-06, 'epoch': 0.96}
{'loss': 0.4313, 'grad_norm': 0.04272490739822388, 'learning_rate': 1.8097941802696952e-06, 'epoch': 0.96}
{'loss': 0.434, 'grad_norm': 0.050744347274303436, 'learning_rate': 1.7388218594748051e-06, 'epoch': 0.97}
{'loss': 0.4497, 'grad_norm': 0.04899983108043671, 'learning_rate': 1.6678495386799151e-06, 'epoch': 0.97}
{'loss': 0.4477, 'grad_norm': 0.04691430553793907, 'learning_rate': 1.596877217885025e-06, 'epoch': 0.97}
{'loss': 0.4656, 'grad_norm': 0.04968841001391411, 'learning_rate': 1.5259048970901348e-06, 'epoch': 0.97}
{'loss': 0.451, 'grad_norm': 0.058583978563547134, 'learning_rate': 1.4549325762952448e-06, 'epoch': 0.97}
{'loss': 0.4556, 'grad_norm': 0.0478583499789238, 'learning_rate': 1.3839602555003548e-06, 'epoch': 0.97}
{'loss': 0.4542, 'grad_norm': 0.055367741733789444, 'learning_rate': 1.312987934705465e-06, 'epoch': 0.97}
{'loss': 0.4557, 'grad_norm': 0.05115359276533127, 'learning_rate': 1.242015613910575e-06, 'epoch': 0.98}
{'loss': 0.4501, 'grad_norm': 0.05162081494927406, 'learning_rate': 1.171043293115685e-06, 'epoch': 0.98}
{'loss': 0.4412, 'grad_norm': 0.04524509608745575, 'learning_rate': 1.1000709723207949e-06, 'epoch': 0.98}
{'loss': 0.4843, 'grad_norm': 0.0568716861307621, 'learning_rate': 1.0290986515259049e-06, 'epoch': 0.98}
{'loss': 0.4306, 'grad_norm': 0.05490126833319664, 'learning_rate': 9.58126330731015e-07, 'epoch': 0.98}
{'loss': 0.4489, 'grad_norm': 0.04543163254857063, 'learning_rate': 8.871540099361249e-07, 'epoch': 0.98}
{'loss': 0.475, 'grad_norm': 0.06088104844093323, 'learning_rate': 8.161816891412349e-07, 'epoch': 0.98}
{'loss': 0.4621, 'grad_norm': 0.050510574132204056, 'learning_rate': 7.45209368346345e-07, 'epoch': 0.99}
{'loss': 0.4444, 'grad_norm': 0.06267012655735016, 'learning_rate': 6.74237047551455e-07, 'epoch': 0.99}
{'loss': 0.4435, 'grad_norm': 0.05192895606160164, 'learning_rate': 6.03264726756565e-07, 'epoch': 0.99}
{'loss': 0.4883, 'grad_norm': 0.05127868428826332, 'learning_rate': 5.32292405961675e-07, 'epoch': 0.99}
{'loss': 0.4132, 'grad_norm': 0.05424188822507858, 'learning_rate': 4.6132008516678496e-07, 'epoch': 0.99}
{'loss': 0.4201, 'grad_norm': 0.04368312656879425, 'learning_rate': 3.90347764371895e-07, 'epoch': 0.99}
{'loss': 0.4877, 'grad_norm': 0.060694459825754166, 'learning_rate': 3.19375443577005e-07, 'epoch': 0.99}
{'loss': 0.457, 'grad_norm': 0.055331889539957047, 'learning_rate': 2.48403122782115e-07, 'epoch': 1.0}
{'loss': 0.4553, 'grad_norm': 0.06299357116222382, 'learning_rate': 1.77430801987225e-07, 'epoch': 1.0}
{'loss': 0.4449, 'grad_norm': 0.05160071328282356, 'learning_rate': 1.0645848119233499e-07, 'epoch': 1.0}
{'loss': 0.4604, 'grad_norm': 0.0544898584485054, 'learning_rate': 3.5486160397445e-08, 'epoch': 1.0}
{'train_runtime': 14005.6797, 'train_samples_per_second': 321.925, 'train_steps_per_second': 0.503, 'train_loss': 0.4789993251275306, 'epoch': 1.0}
[1;34mwandb[0m: 
[1;34mwandb[0m:  View run [33mt5-small-2025-03-08_11-51-59[0m at: [34mhttps://wandb.ai/liamthorne4/uncategorized/runs/y4qwmper[0m
[1;34mwandb[0m: Find logs at: [1;35mwandb/run-20250308_115325-y4qwmper/logs[0m
